[0820/125143.813:ERROR:process_memory_win.cc(73)] ReadMemory at 0x24c79e10000 of 64 bytes failed: Only part of a ReadProcessMemory or WriteProcessMemory request was completed. (0x12B)
[0820/125143.815:WARNING:pe_image_reader.cc(340)] could not read dos header from C:\WINDOWS\System32\ole32.dll
[0820/125143.815:ERROR:process_memory_win.cc(73)] ReadMemory at 0x7ffb06ab0000 of 64 bytes failed: Only part of a ReadProcessMemory or WriteProcessMemory request was completed. (0x12B)
[0820/125143.815:WARNING:pe_image_reader.cc(340)] could not read dos header from C:\WINDOWS\SYSTEM32\CRYPTBASE.DLL
[0820/125143.815:ERROR:process_memory_win.cc(73)] ReadMemory at 0x7ff7826c0000 of 64 bytes failed: Only part of a ReadProcessMemory or WriteProcessMemory request was completed. (0x12B)
[0820/125143.815:WARNING:pe_image_reader.cc(340)] could not read dos header from C:\Program Files (x86)\Google\Chrome\Application\chrome.exe
[0820/125143.815:ERROR:process_memory_win.cc(73)] ReadMemory at 0x7ff7826c0000 of 64 bytes failed: Only part of a ReadProcessMemory or WriteProcessMemory request was completed. (0x12B)
[0820/125143.815:WARNING:pe_image_reader.cc(340)] could not read dos header from C:\Program Files (x86)\Google\Chrome\Application\chrome.exe
[0820/125143.817:ERROR:process_memory_win.cc(73)] ReadMemory at 0x7ffb0a1a0000 of 64 bytes failed: Only part of a ReadProcessMemory or WriteProcessMemory request was completed. (0x12B)
[0820/125143.817:WARNING:pe_image_reader.cc(340)] could not read dos header from C:\WINDOWS\SYSTEM32\ntdll.dll
[0820/125143.817:ERROR:process_memory_win.cc(73)] ReadMemory at 0x7ffb0a1a0000 of 64 bytes failed: Only part of a ReadProcessMemory or WriteProcessMemory request was completed. (0x12B)
[0820/125143.818:WARNING:pe_image_reader.cc(340)] could not read dos header from C:\WINDOWS\SYSTEM32\ntdll.dll
[0820/125143.818:ERROR:process_memory_win.cc(73)] ReadMemory at 0x7ffb09700000 of 64 bytes failed: Only part of a ReadProcessMemory or WriteProcessMemory request was completed. (0x12B)
[0820/125143.818:WARNING:pe_image_reader.cc(340)] could not read dos header from C:\WINDOWS\System32\KERNEL32.dll
[0820/125143.818:ERROR:process_memory_win.cc(73)] ReadMemory at 0x7ffb09700000 of 64 bytes failed: Only part of a ReadProcessMemory or WriteProcessMemory request was completed. (0x12B)
[0820/125143.818:WARNING:pe_image_reader.cc(340)] could not read dos header from C:\WINDOWS\System32\KERNEL32.dll
[0820/125143.818:ERROR:process_memory_win.cc(73)] ReadMemory at 0x7ffb07a30000 of 64 bytes failed: Only part of a ReadProcessMemory or WriteProcessMemory request was completed. (0x12B)
[0820/125143.818:WARNING:pe_image_reader.cc(340)] could not read dos header from C:\WINDOWS\System32\KERNELBASE.dll
[0820/125143.818:ERROR:process_memory_win.cc(73)] ReadMemory at 0x7ffb07a30000 of 64 bytes failed: Only part of a ReadProcessMemory or WriteProcessMemory request was completed. (0x12B)
[0820/125143.818:WARNING:pe_image_reader.cc(340)] could not read dos header from C:\WINDOWS\System32\KERNELBASE.dll
[0820/125143.819:ERROR:process_memory_win.cc(73)] ReadMemory at 0x7ffacf100000 of 64 bytes failed: Only part of a ReadProcessMemory or WriteProcessMemory request was completed. (0x12B)
[0820/125143.819:WARNING:pe_image_reader.cc(340)] could not read dos header from C:\Program Files (x86)\Google\Chrome\Application\76.0.3809.100\chrome_elf.dll
[0820/125143.819:ERROR:process_memory_win.cc(73)] ReadMemory at 0x7ffacf100000 of 64 bytes failed: Only part of a ReadProcessMemory or WriteProcessMemory request was completed. (0x12B)
[0820/125143.819:WARNING:pe_image_reader.cc(340)] could not read dos header from C:\Program Files (x86)\Google\Chrome\Application\76.0.3809.100\chrome_elf.dll
[0820/125143.819:ERROR:process_memory_win.cc(73)] ReadMemory at 0x7ffb048f0000 of 64 bytes failed: Only part of a ReadProcessMemory or WriteProcessMemory request was completed. (0x12B)
[0820/125143.819:WARNING:pe_image_reader.cc(340)] could not read dos header from C:\WINDOWS\SYSTEM32\VERSION.dll
[0820/125143.819:ERROR:process_memory_win.cc(73)] ReadMemory at 0x7ffb048f0000 of 64 bytes failed: Only part of a ReadProcessMemory or WriteProcessMemory request was completed. (0x12B)
[0820/125143.819:WARNING:pe_image_reader.cc(340)] could not read dos header from C:\WINDOWS\SYSTEM32\VERSION.dll
[0820/125143.819:ERROR:process_memory_win.cc(73)] ReadMemory at 0x7ffb09fa0000 of 64 bytes failed: Only part of a ReadProcessMemory or WriteProcessMemory request was completed. (0x12B)
[0820/125143.819:WARNING:pe_image_reader.cc(340)] could not read dos header from C:\WINDOWS\System32\msvcrt.dll
[0820/125143.819:ERROR:process_memory_win.cc(73)] ReadMemory at 0x7ffb09fa0000 of 64 bytes failed: Only part of a ReadProcessMemory or WriteProcessMemory request was completed. (0x12B)
[0820/125143.819:WARNING:pe_image_reader.cc(340)] could not read dos header from C:\WINDOWS\System32\msvcrt.dll
[0820/125143.819:ERROR:process_memory_win.cc(73)] ReadMemory at 0x7ffb07130000 of 64 bytes failed: Only part of a ReadProcessMemory or WriteProcessMemory request was completed. (0x12B)
[0820/125143.819:WARNING:pe_image_reader.cc(340)] could not read dos header from C:\WINDOWS\System32\bcryptPrimitives.dll
[0820/125143.819:ERROR:process_memory_win.cc(73)] ReadMemory at 0x7ffb07130000 of 64 bytes failed: Only part of a ReadProcessMemory or WriteProcessMemory request was completed. (0x12B)
[0820/125143.819:WARNING:pe_image_reader.cc(340)] could not read dos header from C:\WINDOWS\System32\bcryptPrimitives.dll
[0820/125143.819:ERROR:process_memory_win.cc(73)] ReadMemory at 0x7ffb09530000 of 64 bytes failed: Only part of a ReadProcessMemory or WriteProcessMemory request was completed. (0x12B)
[0820/125143.819:WARNING:pe_image_reader.cc(340)] could not read dos header from C:\WINDOWS\System32\ADVAPI32.dll
[0820/125143.819:ERROR:process_memory_win.cc(73)] ReadMemory at 0x7ffb09530000 of 64 bytes failed: Only part of a ReadProcessMemory or WriteProcessMemory request was completed. (0x12B)
[0820/125143.819:WARNING:pe_image_reader.cc(340)] could not read dos header from C:\WINDOWS\System32\ADVAPI32.dll
[0820/125143.819:ERROR:process_memory_win.cc(73)] ReadMemory at 0x7ffb099e0000 of 64 bytes failed: Only part of a ReadProcessMemory or WriteProcessMemory request was completed. (0x12B)
[0820/125143.819:WARNING:pe_image_reader.cc(340)] could not read dos header from C:\WINDOWS\System32\sechost.dll
[0820/125143.819:ERROR:process_memory_win.cc(73)] ReadMemory at 0x7ffb099e0000 of 64 bytes failed: Only part of a ReadProcessMemory or WriteProcessMemory request was completed. (0x12B)
[0820/125143.819:WARNING:pe_image_reader.cc(340)] could not read dos header from C:\WINDOWS\System32\sechost.dll
[0820/125143.819:ERROR:process_memory_win.cc(73)] ReadMemory at 0x7ffb0a040000 of 64 bytes failed: Only part of a ReadProcessMemory or WriteProcessMemory request was completed. (0x12B)
[0820/125143.819:WARNING:pe_image_reader.cc(340)] could not read dos header from C:\WINDOWS\System32\RPCRT4.dll
[0820/125143.819:ERROR:process_memory_win.cc(73)] ReadMemory at 0x7ffb0a040000 of 64 bytes failed: Only part of a ReadProcessMemory or WriteProcessMemory request was completed. (0x12B)
[0820/125143.819:WARNING:pe_image_reader.cc(340)] could not read dos header from C:\WINDOWS\System32\RPCRT4.dll
[0820/125143.819:ERROR:process_memory_win.cc(73)] ReadMemory at 0x7ffaa1f60000 of 64 bytes failed: Only part of a ReadProcessMemory or WriteProcessMemory request was completed. (0x12B)
[0820/125143.819:WARNING:pe_image_reader.cc(340)] could not read dos header from C:\Program Files (x86)\Google\Chrome\Application\76.0.3809.100\chrome_child.dll
[0820/125143.819:ERROR:process_memory_win.cc(73)] ReadMemory at 0x7ffaa1f60000 of 64 bytes failed: Only part of a ReadProcessMemory or WriteProcessMemory request was completed. (0x12B)
[0820/125143.819:WARNING:pe_image_reader.cc(340)] could not read dos header from C:\Program Files (x86)\Google\Chrome\Application\76.0.3809.100\chrome_child.dll
[0820/125143.819:ERROR:process_memory_win.cc(73)] ReadMemory at 0x7ffb08ba0000 of 64 bytes failed: Only part of a ReadProcessMemory or WriteProcessMemory request was completed. (0x12B)
[0820/125143.819:WARNING:pe_image_reader.cc(340)] could not read dos header from C:\WINDOWS\System32\OLEAUT32.dll
[0820/125143.819:ERROR:process_memory_win.cc(73)] ReadMemory at 0x7ffb08ba0000 of 64 bytes failed: Only part of a ReadProcessMemory or WriteProcessMemory request was completed. (0x12B)
[0820/125143.819:WARNING:pe_image_reader.cc(340)] could not read dos header from C:\WINDOWS\System32\OLEAUT32.dll
[0820/125143.819:ERROR:process_memory_win.cc(73)] ReadMemory at 0x7ffb07990000 of 64 bytes failed: Only part of a ReadProcessMemory or WriteProcessMemory request was completed. (0x12B)
[0820/125143.819:WARNING:pe_image_reader.cc(340)] could not read dos header from C:\WINDOWS\System32\msvcp_win.dll
[0820/125143.819:ERROR:process_memory_win.cc(73)] ReadMemory at 0x7ffb07990000 of 64 bytes failed: Only part of a ReadProcessMemory or WriteProcessMemory request was completed. (0x12B)
[0820/125143.819:WARNING:pe_image_reader.cc(340)] could not read dos header from C:\WINDOWS\System32\msvcp_win.dll
[0820/125143.819:ERROR:process_memory_win.cc(73)] ReadMemory at 0x7ffb080f0000 of 64 bytes failed: Only part of a ReadProcessMemory or WriteProcessMemory request was completed. (0x12B)
[0820/125143.819:WARNING:pe_image_reader.cc(340)] could not read dos header from C:\WINDOWS\System32\ucrtbase.dll
[0820/125143.819:ERROR:process_memory_win.cc(73)] ReadMemory at 0x7ffb080f0000 of 64 bytes failed: Only part of a ReadProcessMemory or WriteProcessMemory request was completed. (0x12B)
[0820/125143.819:WARNING:pe_image_reader.cc(340)] could not read dos header from C:\WINDOWS\System32\ucrtbase.dll
[0820/125143.819:ERROR:process_memory_win.cc(73)] ReadMemory at 0x7ffb08860000 of 64 bytes failed: Only part of a ReadProcessMemory or WriteProcessMemory request was completed. (0x12B)
[0820/125143.819:WARNING:pe_image_reader.cc(340)] could not read dos header from C:\WINDOWS\System32\combase.dll
[0820/125143.819:ERROR:process_memory_win.cc(73)] ReadMemory at 0x7ffb08860000 of 64 bytes failed: Only part of a ReadProcessMemory or WriteProcessMemory request was completed. (0x12B)
[0820/125143.819:WARNING:pe_image_reader.cc(340)] could not read dos header from C:\WINDOWS\System32\combase.dll
[0820/125143.819:ERROR:process_memory_win.cc(73)] ReadMemory at 0x7ffb09690000 of 64 bytes failed: Only part of a ReadProcessMemory or WriteProcessMemory request was completed. (0x12B)
[0820/125143.819:WARNING:pe_image_reader.cc(340)] could not read dos header from C:\WINDOWS\System32\WS2_32.dll
[0820/125143.819:ERROR:process_memory_win.cc(73)] ReadMemory at 0x7ffb09690000 of 64 bytes failed: Only part of a ReadProcessMemory or WriteProcessMemory request was completed. (0x12B)
[0820/125143.819:WARNING:pe_image_reader.cc(340)] could not read dos header from C:\WINDOWS\System32\WS2_32.dll
[0820/125143.819:ERROR:process_memory_win.cc(73)] ReadMemory at 0x7ffb09920000 of 64 bytes failed: Only part of a ReadProcessMemory or WriteProcessMemory request was completed. (0x12B)
[0820/125143.819:WARNING:pe_image_reader.cc(340)] could not read dos header from C:\WINDOWS\System32\GDI32.dll
[0820/125143.819:ERROR:process_memory_win.cc(73)] ReadMemory at 0x7ffb09920000 of 64 bytes failed: Only part of a ReadProcessMemory or WriteProcessMemory request was completed. (0x12B)
[0820/125143.819:WARNING:pe_image_reader.cc(340)] could not read dos header from C:\WINDOWS\System32\GDI32.dll
[0820/125143.819:ERROR:process_memory_win.cc(73)] ReadMemory at 0x7ffb081f0000 of 64 bytes failed: Only part of a ReadProcessMemory or WriteProcessMemory request was completed. (0x12B)
[0820/125143.819:WARNING:pe_image_reader.cc(340)] could not read dos header from C:\WINDOWS\System32\win32u.dll
[0820/125143.819:ERROR:process_memory_win.cc(73)] ReadMemory at 0x7ffb081f0000 of 64 bytes failed: Only part of a ReadProcessMemory or WriteProcessMemory request was completed. (0x12B)
[0820/125143.819:WARNING:pe_image_reader.cc(340)] could not read dos header from C:\WINDOWS\System32\win32u.dll
[0820/125143.819:ERROR:process_memory_win.cc(73)] ReadMemory at 0x7ffb07f50000 of 64 bytes failed: Only part of a ReadProcessMemory or WriteProcessMemory request was completed. (0x12B)
[0820/125143.819:WARNING:pe_image_reader.cc(340)] could not read dos header from C:\WINDOWS\System32\gdi32full.dll
[0820/125143.819:ERROR:process_memory_win.cc(73)] ReadMemory at 0x7ffb07f50000 of 64 bytes failed: Only part of a ReadProcessMemory or WriteProcessMemory request was completed. (0x12B)
[0820/125143.819:WARNING:pe_image_reader.cc(340)] could not read dos header from C:\WINDOWS\System32\gdi32full.dll
[0820/125143.823:ERROR:process_memory_win.cc(73)] ReadMemory at 0x7ffb08c70000 of 64 bytes failed: Only part of a ReadProcessMemory or WriteProcessMemory request was completed. (0x12B)
[0820/125143.823:WARNING:pe_image_reader.cc(340)] could not read dos header from C:\WINDOWS\System32\USER32.dll
[0820/125143.823:ERROR:process_memory_win.cc(73)] ReadMemory at 0x7ffb08c70000 of 64 bytes failed: Only part of a ReadProcessMemory or WriteProcessMemory request was completed. (0x12B)
[0820/125143.823:WARNING:pe_image_reader.cc(340)] could not read dos header from C:\WINDOWS\System32\USER32.dll
[0820/125143.823:ERROR:process_memory_win.cc(73)] ReadMemory at 0x7ffb07930000 of 64 bytes failed: Only part of a ReadProcessMemory or WriteProcessMemory request was completed. (0x12B)
[0820/125143.823:WARNING:pe_image_reader.cc(340)] could not read dos header from C:\WINDOWS\System32\WINTRUST.dll
[0820/125143.823:ERROR:process_memory_win.cc(73)] ReadMemory at 0x7ffb07930000 of 64 bytes failed: Only part of a ReadProcessMemory or WriteProcessMemory request was completed. (0x12B)
[0820/125143.823:WARNING:pe_image_reader.cc(340)] could not read dos header from C:\WINDOWS\System32\WINTRUST.dll
[0820/125143.823:ERROR:process_memory_win.cc(73)] ReadMemory at 0x7ffb07110000 of 64 bytes failed: Only part of a ReadProcessMemory or WriteProcessMemory request was completed. (0x12B)
[0820/125143.823:WARNING:pe_image_reader.cc(340)] could not read dos header from C:\WINDOWS\System32\MSASN1.dll
[0820/125143.823:ERROR:process_memory_win.cc(73)] ReadMemory at 0x7ffb07110000 of 64 bytes failed: Only part of a ReadProcessMemory or WriteProcessMemory request was completed. (0x12B)
[0820/125143.823:WARNING:pe_image_reader.cc(340)] could not read dos header from C:\WINDOWS\System32\MSASN1.dll
[0820/125143.823:ERROR:process_memory_win.cc(73)] ReadMemory at 0x7ffb07ce0000 of 64 bytes failed: Only part of a ReadProcessMemory or WriteProcessMemory request was completed. (0x12B)
[0820/125143.823:WARNING:pe_image_reader.cc(340)] could not read dos header from C:\WINDOWS\System32\CRYPT32.dll
[0820/125143.823:ERROR:process_memory_win.cc(73)] ReadMemory at 0x7ffb07ce0000 of 64 bytes failed: Only part of a ReadProcessMemory or WriteProcessMemory request was completed. (0x12B)
[0820/125143.823:WARNING:pe_image_reader.cc(340)] could not read dos header from C:\WINDOWS\System32\CRYPT32.dll
[0820/125143.823:ERROR:process_memory_win.cc(73)] ReadMemory at 0x7ffb065f0000 of 64 bytes failed: Only part of a ReadProcessMemory or WriteProcessMemory request was completed. (0x12B)
[0820/125143.823:WARNING:pe_image_reader.cc(340)] could not read dos header from C:\WINDOWS\SYSTEM32\IPHLPAPI.DLL
[0820/125143.823:ERROR:process_memory_win.cc(73)] ReadMemory at 0x7ffb065f0000 of 64 bytes failed: Only part of a ReadProcessMemory or WriteProcessMemory request was completed. (0x12B)
[0820/125143.823:WARNING:pe_image_reader.cc(340)] could not read dos header from C:\WINDOWS\SYSTEM32\IPHLPAPI.DLL
[0820/125143.823:ERROR:process_memory_win.cc(73)] ReadMemory at 0x7ffaf9080000 of 64 bytes failed: Only part of a ReadProcessMemory or WriteProcessMemory request was completed. (0x12B)
[0820/125143.823:WARNING:pe_image_reader.cc(340)] could not read dos header from C:\WINDOWS\SYSTEM32\WINMM.dll
[0820/125143.823:ERROR:process_memory_win.cc(73)] ReadMemory at 0x7ffaf9080000 of 64 bytes failed: Only part of a ReadProcessMemory or WriteProcessMemory request was completed. (0x12B)
[0820/125143.823:WARNING:pe_image_reader.cc(340)] could not read dos header from C:\WINDOWS\SYSTEM32\WINMM.dll
[0820/125143.823:ERROR:process_memory_win.cc(73)] ReadMemory at 0x7ffb06f90000 of 64 bytes failed: Only part of a ReadProcessMemory or WriteProcessMemory request was completed. (0x12B)
[0820/125143.823:WARNING:pe_image_reader.cc(340)] could not read dos header from C:\WINDOWS\SYSTEM32\USERENV.dll
[0820/125143.823:ERROR:process_memory_win.cc(73)] ReadMemory at 0x7ffb06f90000 of 64 bytes failed: Only part of a ReadProcessMemory or WriteProcessMemory request was completed. (0x12B)
[0820/125143.823:WARNING:pe_image_reader.cc(340)] could not read dos header from C:\WINDOWS\SYSTEM32\USERENV.dll
[0820/125143.823:ERROR:process_memory_win.cc(73)] ReadMemory at 0x7ffb070f0000 of 64 bytes failed: Only part of a ReadProcessMemory or WriteProcessMemory request was completed. (0x12B)
[0820/125143.823:WARNING:pe_image_reader.cc(340)] could not read dos header from C:\WINDOWS\System32\profapi.dll
[0820/125143.823:ERROR:process_memory_win.cc(73)] ReadMemory at 0x7ffb070f0000 of 64 bytes failed: Only part of a ReadProcessMemory or WriteProcessMemory request was completed. (0x12B)
[0820/125143.823:WARNING:pe_image_reader.cc(340)] could not read dos header from C:\WINDOWS\System32\profapi.dll
[0820/125143.823:ERROR:process_memory_win.cc(73)] ReadMemory at 0x7ffadc580000 of 64 bytes failed: Only part of a ReadProcessMemory or WriteProcessMemory request was completed. (0x12B)
[0820/125143.823:WARNING:pe_image_reader.cc(340)] could not read dos header from C:\WINDOWS\SYSTEM32\DWrite.dll
[0820/125143.823:ERROR:process_memory_win.cc(73)] ReadMemory at 0x7ffadc580000 of 64 bytes failed: Only part of a ReadProcessMemory or WriteProcessMemory request was completed. (0x12B)
[0820/125143.823:WARNING:pe_image_reader.cc(340)] could not read dos header from C:\WINDOWS\SYSTEM32\DWrite.dll
[0820/125143.823:ERROR:process_memory_win.cc(73)] ReadMemory at 0x7ffaf49e0000 of 64 bytes failed: Only part of a ReadProcessMemory or WriteProcessMemory request was completed. (0x12B)
[0820/125143.823:WARNING:pe_image_reader.cc(340)] could not read dos header from C:\WINDOWS\SYSTEM32\WINSPOOL.DRV
[0820/125143.823:ERROR:process_memory_win.cc(73)] ReadMemory at 0x7ffaf49e0000 of 64 bytes failed: Only part of a ReadProcessMemory or WriteProcessMemory request was completed. (0x12B)
[0820/125143.823:WARNING:pe_image_reader.cc(340)] could not read dos header from C:\WINDOWS\SYSTEM32\WINSPOOL.DRV
[0820/125143.823:ERROR:process_memory_win.cc(73)] ReadMemory at 0x7ffb07080000 of 64 bytes failed: Only part of a ReadProcessMemory or WriteProcessMemory request was completed. (0x12B)
[0820/125143.823:WARNING:pe_image_reader.cc(340)] could not read dos header from C:\WINDOWS\System32\kernel.appcore.dll
[0820/125143.823:ERROR:process_memory_win.cc(73)] ReadMemory at 0x7ffb07080000 of 64 bytes failed: Only part of a ReadProcessMemory or WriteProcessMemory request was completed. (0x12B)
[0820/125143.823:WARNING:pe_image_reader.cc(340)] could not read dos header from C:\WINDOWS\System32\kernel.appcore.dll
[0820/125143.823:ERROR:process_memory_win.cc(73)] ReadMemory at 0x7ffb08220000 of 64 bytes failed: Only part of a ReadProcessMemory or WriteProcessMemory request was completed. (0x12B)
[0820/125143.823:WARNING:pe_image_reader.cc(340)] could not read dos header from C:\WINDOWS\System32\bcrypt.dll
[0820/125143.823:ERROR:process_memory_win.cc(73)] ReadMemory at 0x7ffb08220000 of 64 bytes failed: Only part of a ReadProcessMemory or WriteProcessMemory request was completed. (0x12B)
[0820/125143.824:WARNING:pe_image_reader.cc(340)] could not read dos header from C:\WINDOWS\System32\bcrypt.dll
[0820/125143.824:ERROR:process_memory_win.cc(73)] ReadMemory at 0x7ffb05810000 of 64 bytes failed: Only part of a ReadProcessMemory or WriteProcessMemory request was completed. (0x12B)
[0820/125143.824:WARNING:pe_image_reader.cc(340)] could not read dos header from C:\WINDOWS\SYSTEM32\dbghelp.dll
[0820/125143.824:ERROR:process_memory_win.cc(73)] ReadMemory at 0x7ffb05810000 of 64 bytes failed: Only part of a ReadProcessMemory or WriteProcessMemory request was completed. (0x12B)
[0820/125143.824:WARNING:pe_image_reader.cc(340)] could not read dos header from C:\WINDOWS\SYSTEM32\dbghelp.dll
[0820/125143.824:ERROR:process_memory_win.cc(73)] ReadMemory at 0x7ffafe770000 of 64 bytes failed: Only part of a ReadProcessMemory or WriteProcessMemory request was completed. (0x12B)
[0820/125143.824:WARNING:pe_image_reader.cc(340)] could not read dos header from C:\WINDOWS\SYSTEM32\WINHTTP.dll
[0820/125143.824:ERROR:process_memory_win.cc(73)] ReadMemory at 0x7ffafe770000 of 64 bytes failed: Only part of a ReadProcessMemory or WriteProcessMemory request was completed. (0x12B)
[0820/125143.824:WARNING:pe_image_reader.cc(340)] could not read dos header from C:\WINDOWS\SYSTEM32\WINHTTP.dll
[0820/125143.824:ERROR:process_memory_win.cc(73)] ReadMemory at 0x7ffaf6a60000 of 64 bytes failed: Only part of a ReadProcessMemory or WriteProcessMemory request was completed. (0x12B)
[0820/125143.824:WARNING:pe_image_reader.cc(340)] could not read dos header from C:\WINDOWS\SYSTEM32\Secur32.dll
[0820/125143.824:ERROR:process_memory_win.cc(73)] ReadMemory at 0x7ffaf6a60000 of 64 bytes failed: Only part of a ReadProcessMemory or WriteProcessMemory request was completed. (0x12B)
[0820/125143.824:WARNING:pe_image_reader.cc(340)] could not read dos header from C:\WINDOWS\SYSTEM32\Secur32.dll
[0820/125143.824:ERROR:process_memory_win.cc(73)] ReadMemory at 0x7ffaf9bb0000 of 64 bytes failed: Only part of a ReadProcessMemory or WriteProcessMemory request was completed. (0x12B)
[0820/125143.824:WARNING:pe_image_reader.cc(340)] could not read dos header from C:\WINDOWS\SYSTEM32\dhcpcsvc.DLL
[0820/125143.824:ERROR:process_memory_win.cc(73)] ReadMemory at 0x7ffaf9bb0000 of 64 bytes failed: Only part of a ReadProcessMemory or WriteProcessMemory request was completed. (0x12B)
[0820/125143.824:WARNING:pe_image_reader.cc(340)] could not read dos header from C:\WINDOWS\SYSTEM32\dhcpcsvc.DLL
[0820/125143.824:ERROR:process_memory_win.cc(73)] ReadMemory at 0x7ffb08640000 of 64 bytes failed: Only part of a ReadProcessMemory or WriteProcessMemory request was completed. (0x12B)
[0820/125143.824:WARNING:pe_image_reader.cc(340)] could not read dos header from C:\WINDOWS\System32\NSI.dll
[0820/125143.824:ERROR:process_memory_win.cc(73)] ReadMemory at 0x7ffb08640000 of 64 bytes failed: Only part of a ReadProcessMemory or WriteProcessMemory request was completed. (0x12B)
[0820/125143.824:WARNING:pe_image_reader.cc(340)] could not read dos header from C:\WINDOWS\System32\NSI.dll
[0820/125143.824:ERROR:process_memory_win.cc(73)] ReadMemory at 0x7ffaf8e40000 of 64 bytes failed: Only part of a ReadProcessMemory or WriteProcessMemory request was completed. (0x12B)
[0820/125143.824:WARNING:pe_image_reader.cc(340)] could not read dos header from C:\WINDOWS\SYSTEM32\WINMMBASE.dll
[0820/125143.824:ERROR:process_memory_win.cc(73)] ReadMemory at 0x7ffaf8e40000 of 64 bytes failed: Only part of a ReadProcessMemory or WriteProcessMemory request was completed. (0x12B)
[0820/125143.824:WARNING:pe_image_reader.cc(340)] could not read dos header from C:\WINDOWS\SYSTEM32\WINMMBASE.dll
[0820/125143.824:ERROR:process_memory_win.cc(73)] ReadMemory at 0x7ffb07e30000 of 64 bytes failed: Only part of a ReadProcessMemory or WriteProcessMemory request was completed. (0x12B)
[0820/125143.824:WARNING:pe_image_reader.cc(340)] could not read dos header from C:\WINDOWS\System32\cfgmgr32.dll
[0820/125143.824:ERROR:process_memory_win.cc(73)] ReadMemory at 0x7ffb07e30000 of 64 bytes failed: Only part of a ReadProcessMemory or WriteProcessMemory request was completed. (0x12B)
[0820/125143.824:WARNING:pe_image_reader.cc(340)] could not read dos header from C:\WINDOWS\System32\cfgmgr32.dll
[0820/125143.824:ERROR:process_memory_win.cc(73)] ReadMemory at 0x7ffb04b00000 of 64 bytes failed: Only part of a ReadProcessMemory or WriteProcessMemory request was completed. (0x12B)
[0820/125143.824:WARNING:pe_image_reader.cc(340)] could not read dos header from C:\WINDOWS\SYSTEM32\PROPSYS.dll
[0820/125143.824:ERROR:process_memory_win.cc(73)] ReadMemory at 0x7ffb04b00000 of 64 bytes failed: Only part of a ReadProcessMemory or WriteProcessMemory request was completed. (0x12B)
[0820/125143.824:WARNING:pe_image_reader.cc(340)] could not read dos header from C:\WINDOWS\SYSTEM32\PROPSYS.dll
[0820/125143.824:ERROR:process_memory_win.cc(73)] ReadMemory at 0x7ffb095e0000 of 64 bytes failed: Only part of a ReadProcessMemory or WriteProcessMemory request was completed. (0x12B)
[0820/125143.824:WARNING:pe_image_reader.cc(340)] could not read dos header from C:\WINDOWS\System32\shcore.dll
[0820/125143.824:ERROR:process_memory_win.cc(73)] ReadMemory at 0x7ffb095e0000 of 64 bytes failed: Only part of a ReadProcessMemory or WriteProcessMemory request was completed. (0x12B)
[0820/125143.824:WARNING:pe_image_reader.cc(340)] could not read dos header from C:\WINDOWS\System32\shcore.dll
[0820/125143.824:ERROR:process_memory_win.cc(73)] ReadMemory at 0x7ffb06f60000 of 64 bytes failed: Only part of a ReadProcessMemory or WriteProcessMemory request was completed. (0x12B)
[0820/125143.824:WARNING:pe_image_reader.cc(340)] could not read dos header from C:\WINDOWS\SYSTEM32\SSPICLI.DLL
[0820/125143.824:ERROR:process_memory_win.cc(73)] ReadMemory at 0x7ffb06f60000 of 64 bytes failed: Only part of a ReadProcessMemory or WriteProcessMemory request was completed. (0x12B)
[0820/125143.824:WARNING:pe_image_reader.cc(340)] could not read dos header from C:\WINDOWS\SYSTEM32\SSPICLI.DLL
[0820/125143.824:ERROR:process_memory_win.cc(73)] ReadMemory at 0x7ffb09a80000 of 64 bytes failed: Only part of a ReadProcessMemory or WriteProcessMemory request was completed. (0x12B)
[0820/125143.824:WARNING:pe_image_reader.cc(340)] could not read dos header from C:\WINDOWS\System32\IMM32.DLL
[0820/125143.824:ERROR:process_memory_win.cc(73)] ReadMemory at 0x7ffb09a80000 of 64 bytes failed: Only part of a ReadProcessMemory or WriteProcessMemory request was completed. (0x12B)
[0820/125143.824:WARNING:pe_image_reader.cc(340)] could not read dos header from C:\WINDOWS\System32\IMM32.DLL
[0820/125143.824:ERROR:process_memory_win.cc(73)] ReadMemory at 0x24c79e10000 of 64 bytes failed: Only part of a ReadProcessMemory or WriteProcessMemory request was completed. (0x12B)
[0820/125143.824:WARNING:pe_image_reader.cc(340)] could not read dos header from C:\WINDOWS\System32\ole32.dll
[0820/125143.824:ERROR:process_memory_win.cc(73)] ReadMemory at 0x24c79e10000 of 64 bytes failed: Only part of a ReadProcessMemory or WriteProcessMemory request was completed. (0x12B)
[0820/125143.824:WARNING:pe_image_reader.cc(340)] could not read dos header from C:\WINDOWS\System32\ole32.dll
[0820/125143.824:ERROR:process_memory_win.cc(73)] ReadMemory at 0x7ffb06ab0000 of 64 bytes failed: Only part of a ReadProcessMemory or WriteProcessMemory request was completed. (0x12B)
[0820/125143.824:WARNING:pe_image_reader.cc(340)] could not read dos header from C:\WINDOWS\SYSTEM32\CRYPTBASE.DLL
[0820/125143.824:ERROR:process_memory_win.cc(73)] ReadMemory at 0x7ffb06ab0000 of 64 bytes failed: Only part of a ReadProcessMemory or WriteProcessMemory request was completed. (0x12B)
[0820/125143.824:WARNING:pe_image_reader.cc(340)] could not read dos header from C:\WINDOWS\SYSTEM32\CRYPTBASE.DLL
[0820/125143.947:ERROR:process_memory_win.cc(73)] ReadMemory at 0x7ff7826c0000 of 64 bytes failed: Only part of a ReadProcessMemory or WriteProcessMemory request was completed. (0x12B)
[0820/125143.947:WARNING:pe_image_reader.cc(340)] could not read dos header from C:\Program Files (x86)\Google\Chrome\Application\chrome.exe
[0820/125143.947:ERROR:process_memory_win.cc(73)] ReadMemory at 0x7ffb0a1a0000 of 64 bytes failed: Only part of a ReadProcessMemory or WriteProcessMemory request was completed. (0x12B)
[0820/125143.947:WARNING:pe_image_reader.cc(340)] could not read dos header from C:\WINDOWS\SYSTEM32\ntdll.dll
[0820/125143.948:ERROR:process_memory_win.cc(73)] ReadMemory at 0x7ffb09700000 of 64 bytes failed: Only part of a ReadProcessMemory or WriteProcessMemory request was completed. (0x12B)
[0820/125143.948:WARNING:pe_image_reader.cc(340)] could not read dos header from C:\WINDOWS\System32\KERNEL32.dll
[0820/125143.948:ERROR:process_memory_win.cc(73)] ReadMemory at 0x7ffb07a30000 of 64 bytes failed: Only part of a ReadProcessMemory or WriteProcessMemory request was completed. (0x12B)
[0820/125143.948:WARNING:pe_image_reader.cc(340)] could not read dos header from C:\WINDOWS\System32\KERNELBASE.dll
[0820/125143.948:ERROR:process_memory_win.cc(73)] ReadMemory at 0x7ffacf100000 of 64 bytes failed: Only part of a ReadProcessMemory or WriteProcessMemory request was completed. (0x12B)
[0820/125143.948:WARNING:pe_image_reader.cc(340)] could not read dos header from C:\Program Files (x86)\Google\Chrome\Application\76.0.3809.100\chrome_elf.dll
[0820/125143.948:ERROR:process_memory_win.cc(73)] ReadMemory at 0x7ffb048f0000 of 64 bytes failed: Only part of a ReadProcessMemory or WriteProcessMemory request was completed. (0x12B)
[0820/125143.948:WARNING:pe_image_reader.cc(340)] could not read dos header from C:\WINDOWS\SYSTEM32\VERSION.dll
[0820/125143.948:ERROR:process_memory_win.cc(73)] ReadMemory at 0x7ffb09fa0000 of 64 bytes failed: Only part of a ReadProcessMemory or WriteProcessMemory request was completed. (0x12B)
[0820/125143.948:WARNING:pe_image_reader.cc(340)] could not read dos header from C:\WINDOWS\System32\msvcrt.dll
[0820/125143.948:ERROR:process_memory_win.cc(73)] ReadMemory at 0x7ffb07130000 of 64 bytes failed: Only part of a ReadProcessMemory or WriteProcessMemory request was completed. (0x12B)
[0820/125143.949:WARNING:pe_image_reader.cc(340)] could not read dos header from C:\WINDOWS\System32\bcryptPrimitives.dll
[0820/125143.949:ERROR:process_memory_win.cc(73)] ReadMemory at 0x7ffb09530000 of 64 bytes failed: Only part of a ReadProcessMemory or WriteProcessMemory request was completed. (0x12B)
[0820/125143.949:WARNING:pe_image_reader.cc(340)] could not read dos header from C:\WINDOWS\System32\ADVAPI32.dll
[0820/125143.949:ERROR:process_memory_win.cc(73)] ReadMemory at 0x7ffb099e0000 of 64 bytes failed: Only part of a ReadProcessMemory or WriteProcessMemory request was completed. (0x12B)
[0820/125143.949:WARNING:pe_image_reader.cc(340)] could not read dos header from C:\WINDOWS\System32\sechost.dll
[0820/125143.949:ERROR:process_memory_win.cc(73)] ReadMemory at 0x7ffb0a040000 of 64 bytes failed: Only part of a ReadProcessMemory or WriteProcessMemory request was completed. (0x12B)
[0820/125143.949:WARNING:pe_image_reader.cc(340)] could not read dos header from C:\WINDOWS\System32\RPCRT4.dll
[0820/125143.949:ERROR:process_memory_win.cc(73)] ReadMemory at 0x7ffaa1f60000 of 64 bytes failed: Only part of a ReadProcessMemory or WriteProcessMemory request was completed. (0x12B)
[0820/125143.949:WARNING:pe_image_reader.cc(340)] could not read dos header from C:\Program Files (x86)\Google\Chrome\Application\76.0.3809.100\chrome_child.dll
[0820/125143.949:ERROR:process_memory_win.cc(73)] ReadMemory at 0x7ffb08ba0000 of 64 bytes failed: Only part of a ReadProcessMemory or WriteProcessMemory request was completed. (0x12B)
[0820/125143.949:WARNING:pe_image_reader.cc(340)] could not read dos header from C:\WINDOWS\System32\OLEAUT32.dll
[0820/125143.949:ERROR:process_memory_win.cc(73)] ReadMemory at 0x7ffb07990000 of 64 bytes failed: Only part of a ReadProcessMemory or WriteProcessMemory request was completed. (0x12B)
[0820/125143.949:WARNING:pe_image_reader.cc(340)] could not read dos header from C:\WINDOWS\System32\msvcp_win.dll
[0820/125143.949:ERROR:process_memory_win.cc(73)] ReadMemory at 0x7ffb080f0000 of 64 bytes failed: Only part of a ReadProcessMemory or WriteProcessMemory request was completed. (0x12B)
[0820/125143.949:WARNING:pe_image_reader.cc(340)] could not read dos header from C:\WINDOWS\System32\ucrtbase.dll
[0820/125143.949:ERROR:process_memory_win.cc(73)] ReadMemory at 0x7ffb08860000 of 64 bytes failed: Only part of a ReadProcessMemory or WriteProcessMemory request was completed. (0x12B)
[0820/125143.949:WARNING:pe_image_reader.cc(340)] could not read dos header from C:\WINDOWS\System32\combase.dll
[0820/125143.949:ERROR:process_memory_win.cc(73)] ReadMemory at 0x7ffb09690000 of 64 bytes failed: Only part of a ReadProcessMemory or WriteProcessMemory request was completed. (0x12B)
[0820/125143.949:WARNING:pe_image_reader.cc(340)] could not read dos header from C:\WINDOWS\System32\WS2_32.dll
[0820/125143.950:ERROR:process_memory_win.cc(73)] ReadMemory at 0x7ffb09920000 of 64 bytes failed: Only part of a ReadProcessMemory or WriteProcessMemory request was completed. (0x12B)
[0820/125143.950:WARNING:pe_image_reader.cc(340)] could not read dos header from C:\WINDOWS\System32\GDI32.dll
[0820/125143.950:ERROR:process_memory_win.cc(73)] ReadMemory at 0x7ffb081f0000 of 64 bytes failed: Only part of a ReadProcessMemory or WriteProcessMemory request was completed. (0x12B)
[0820/125143.950:WARNING:pe_image_reader.cc(340)] could not read dos header from C:\WINDOWS\System32\win32u.dll
[0820/125143.950:ERROR:process_memory_win.cc(73)] ReadMemory at 0x7ffb07f50000 of 64 bytes failed: Only part of a ReadProcessMemory or WriteProcessMemory request was completed. (0x12B)
[0820/125143.950:WARNING:pe_image_reader.cc(340)] could not read dos header from C:\WINDOWS\System32\gdi32full.dll
[0820/125143.950:ERROR:process_memory_win.cc(73)] ReadMemory at 0x7ffb08c70000 of 64 bytes failed: Only part of a ReadProcessMemory or WriteProcessMemory request was completed. (0x12B)
[0820/125143.950:WARNING:pe_image_reader.cc(340)] could not read dos header from C:\WINDOWS\System32\USER32.dll
[0820/125143.950:ERROR:process_memory_win.cc(73)] ReadMemory at 0x7ffb07930000 of 64 bytes failed: Only part of a ReadProcessMemory or WriteProcessMemory request was completed. (0x12B)
[0820/125143.950:WARNING:pe_image_reader.cc(340)] could not read dos header from C:\WINDOWS\System32\WINTRUST.dll
[0820/125143.950:ERROR:process_memory_win.cc(73)] ReadMemory at 0x7ffb07110000 of 64 bytes failed: Only part of a ReadProcessMemory or WriteProcessMemory request was completed. (0x12B)
[0820/125143.950:WARNING:pe_image_reader.cc(340)] could not read dos header from C:\WINDOWS\System32\MSASN1.dll
[0820/125143.950:ERROR:process_memory_win.cc(73)] ReadMemory at 0x7ffb07ce0000 of 64 bytes failed: Only part of a ReadProcessMemory or WriteProcessMemory request was completed. (0x12B)
[0820/125143.950:WARNING:pe_image_reader.cc(340)] could not read dos header from C:\WINDOWS\System32\CRYPT32.dll
[0820/125143.950:ERROR:process_memory_win.cc(73)] ReadMemory at 0x7ffb065f0000 of 64 bytes failed: Only part of a ReadProcessMemory or WriteProcessMemory request was completed. (0x12B)
[0820/125143.950:WARNING:pe_image_reader.cc(340)] could not read dos header from C:\WINDOWS\SYSTEM32\IPHLPAPI.DLL
[0820/125143.951:ERROR:process_memory_win.cc(73)] ReadMemory at 0x7ffaf9080000 of 64 bytes failed: Only part of a ReadProcessMemory or WriteProcessMemory request was completed. (0x12B)
[0820/125143.951:WARNING:pe_image_reader.cc(340)] could not read dos header from C:\WINDOWS\SYSTEM32\WINMM.dll
[0820/125143.951:ERROR:process_memory_win.cc(73)] ReadMemory at 0x7ffb06f90000 of 64 bytes failed: Only part of a ReadProcessMemory or WriteProcessMemory request was completed. (0x12B)
[0820/125143.951:WARNING:pe_image_reader.cc(340)] could not read dos header from C:\WINDOWS\SYSTEM32\USERENV.dll
[0820/125143.951:ERROR:process_memory_win.cc(73)] ReadMemory at 0x7ffb070f0000 of 64 bytes failed: Only part of a ReadProcessMemory or WriteProcessMemory request was completed. (0x12B)
[0820/125143.951:WARNING:pe_image_reader.cc(340)] could not read dos header from C:\WINDOWS\System32\profapi.dll
[0820/125143.951:ERROR:process_memory_win.cc(73)] ReadMemory at 0x7ffadc580000 of 64 bytes failed: Only part of a ReadProcessMemory or WriteProcessMemory request was completed. (0x12B)
[0820/125143.951:WARNING:pe_image_reader.cc(340)] could not read dos header from C:\WINDOWS\SYSTEM32\DWrite.dll
[0820/125143.951:ERROR:process_memory_win.cc(73)] ReadMemory at 0x7ffaf49e0000 of 64 bytes failed: Only part of a ReadProcessMemory or WriteProcessMemory request was completed. (0x12B)
[0820/125143.951:WARNING:pe_image_reader.cc(340)] could not read dos header from C:\WINDOWS\SYSTEM32\WINSPOOL.DRV
[0820/125143.951:ERROR:process_memory_win.cc(73)] ReadMemory at 0x7ffb07080000 of 64 bytes failed: Only part of a ReadProcessMemory or WriteProcessMemory request was completed. (0x12B)
[0820/125143.951:WARNING:pe_image_reader.cc(340)] could not read dos header from C:\WINDOWS\System32\kernel.appcore.dll
[0820/125143.951:ERROR:process_memory_win.cc(73)] ReadMemory at 0x7ffb08220000 of 64 bytes failed: Only part of a ReadProcessMemory or WriteProcessMemory request was completed. (0x12B)
[0820/125143.951:WARNING:pe_image_reader.cc(340)] could not read dos header from C:\WINDOWS\System32\bcrypt.dll
[0820/125143.952:ERROR:process_memory_win.cc(73)] ReadMemory at 0x7ffb05810000 of 64 bytes failed: Only part of a ReadProcessMemory or WriteProcessMemory request was completed. (0x12B)
[0820/125143.952:WARNING:pe_image_reader.cc(340)] could not read dos header from C:\WINDOWS\SYSTEM32\dbghelp.dll
[0820/125143.952:ERROR:process_memory_win.cc(73)] ReadMemory at 0x7ffafe770000 of 64 bytes failed: Only part of a ReadProcessMemory or WriteProcessMemory request was completed. (0x12B)
[0820/125143.952:WARNING:pe_image_reader.cc(340)] could not read dos header from C:\WINDOWS\SYSTEM32\WINHTTP.dll
[0820/125143.952:ERROR:process_memory_win.cc(73)] ReadMemory at 0x7ffaf6a60000 of 64 bytes failed: Only part of a ReadProcessMemory or WriteProcessMemory request was completed. (0x12B)
[0820/125143.952:WARNING:pe_image_reader.cc(340)] could not read dos header from C:\WINDOWS\SYSTEM32\Secur32.dll
[0820/125143.952:ERROR:process_memory_win.cc(73)] ReadMemory at 0x7ffaf9bb0000 of 64 bytes failed: Only part of a ReadProcessMemory or WriteProcessMemory request was completed. (0x12B)
[0820/125143.952:WARNING:pe_image_reader.cc(340)] could not read dos header from C:\WINDOWS\SYSTEM32\dhcpcsvc.DLL
[0820/125143.952:ERROR:process_memory_win.cc(73)] ReadMemory at 0x7ffb08640000 of 64 bytes failed: Only part of a ReadProcessMemory or WriteProcessMemory request was completed. (0x12B)
[0820/125143.952:WARNING:pe_image_reader.cc(340)] could not read dos header from C:\WINDOWS\System32\NSI.dll
[0820/125143.952:ERROR:process_memory_win.cc(73)] ReadMemory at 0x7ffaf8e40000 of 64 bytes failed: Only part of a ReadProcessMemory or WriteProcessMemory request was completed. (0x12B)
[0820/125143.952:WARNING:pe_image_reader.cc(340)] could not read dos header from C:\WINDOWS\SYSTEM32\WINMMBASE.dll
[0820/125143.952:ERROR:process_memory_win.cc(73)] ReadMemory at 0x7ffb07e30000 of 64 bytes failed: Only part of a ReadProcessMemory or WriteProcessMemory request was completed. (0x12B)
[0820/125143.952:WARNING:pe_image_reader.cc(340)] could not read dos header from C:\WINDOWS\System32\cfgmgr32.dll
[0820/125143.952:ERROR:process_memory_win.cc(73)] ReadMemory at 0x7ffb04b00000 of 64 bytes failed: Only part of a ReadProcessMemory or WriteProcessMemory request was completed. (0x12B)
[0820/125143.952:WARNING:pe_image_reader.cc(340)] could not read dos header from C:\WINDOWS\SYSTEM32\PROPSYS.dll
[0820/125143.952:ERROR:process_memory_win.cc(73)] ReadMemory at 0x7ffb095e0000 of 64 bytes failed: Only part of a ReadProcessMemory or WriteProcessMemory request was completed. (0x12B)
[0820/125143.952:WARNING:pe_image_reader.cc(340)] could not read dos header from C:\WINDOWS\System32\shcore.dll
[0820/125143.952:ERROR:process_memory_win.cc(73)] ReadMemory at 0x7ffb06f60000 of 64 bytes failed: Only part of a ReadProcessMemory or WriteProcessMemory request was completed. (0x12B)
[0820/125143.952:WARNING:pe_image_reader.cc(340)] could not read dos header from C:\WINDOWS\SYSTEM32\SSPICLI.DLL
[0820/125143.952:ERROR:process_memory_win.cc(73)] ReadMemory at 0x7ffb09a80000 of 64 bytes failed: Only part of a ReadProcessMemory or WriteProcessMemory request was completed. (0x12B)
[0820/125143.952:WARNING:pe_image_reader.cc(340)] could not read dos header from C:\WINDOWS\System32\IMM32.DLL
[0820/125143.953:ERROR:process_memory_win.cc(73)] ReadMemory at 0x24c79e10000 of 64 bytes failed: Only part of a ReadProcessMemory or WriteProcessMemory request was completed. (0x12B)
[0820/125143.953:WARNING:pe_image_reader.cc(340)] could not read dos header from C:\WINDOWS\System32\ole32.dll
[0820/125143.953:ERROR:process_memory_win.cc(73)] ReadMemory at 0x7ffb06ab0000 of 64 bytes failed: Only part of a ReadProcessMemory or WriteProcessMemory request was completed. (0x12B)
[0820/125143.953:WARNING:pe_image_reader.cc(340)] could not read dos header from C:\WINDOWS\SYSTEM32\CRYPTBASE.DLL
[0820/125143.953:ERROR:process_memory_win.cc(73)] ReadMemory at 0x7ff7826c0000 of 64 bytes failed: Only part of a ReadProcessMemory or WriteProcessMemory request was completed. (0x12B)
[0820/125143.953:WARNING:pe_image_reader.cc(340)] could not read dos header from C:\Program Files (x86)\Google\Chrome\Application\chrome.exe
[0820/125143.953:ERROR:process_memory_win.cc(73)] ReadMemory at 0x7ffb0a1a0000 of 64 bytes failed: Only part of a ReadProcessMemory or WriteProcessMemory request was completed. (0x12B)
[0820/125143.953:WARNING:pe_image_reader.cc(340)] could not read dos header from C:\WINDOWS\SYSTEM32\ntdll.dll
[0820/125143.953:ERROR:process_memory_win.cc(73)] ReadMemory at 0x7ffb09700000 of 64 bytes failed: Only part of a ReadProcessMemory or WriteProcessMemory request was completed. (0x12B)
[0820/125143.953:WARNING:pe_image_reader.cc(340)] could not read dos header from C:\WINDOWS\System32\KERNEL32.dll
[0820/125143.953:ERROR:process_memory_win.cc(73)] ReadMemory at 0x7ffb07a30000 of 64 bytes failed: Only part of a ReadProcessMemory or WriteProcessMemory request was completed. (0x12B)
[0820/125143.953:WARNING:pe_image_reader.cc(340)] could not read dos header from C:\WINDOWS\System32\KERNELBASE.dll
[0820/125143.953:ERROR:process_memory_win.cc(73)] ReadMemory at 0x7ffacf100000 of 64 bytes failed: Only part of a ReadProcessMemory or WriteProcessMemory request was completed. (0x12B)
[0820/125143.953:WARNING:pe_image_reader.cc(340)] could not read dos header from C:\Program Files (x86)\Google\Chrome\Application\76.0.3809.100\chrome_elf.dll
[0820/125143.953:ERROR:process_memory_win.cc(73)] ReadMemory at 0x7ffb048f0000 of 64 bytes failed: Only part of a ReadProcessMemory or WriteProcessMemory request was completed. (0x12B)
[0820/125143.953:WARNING:pe_image_reader.cc(340)] could not read dos header from C:\WINDOWS\SYSTEM32\VERSION.dll
[0820/125143.953:ERROR:process_memory_win.cc(73)] ReadMemory at 0x7ffb09fa0000 of 64 bytes failed: Only part of a ReadProcessMemory or WriteProcessMemory request was completed. (0x12B)
[0820/125143.953:WARNING:pe_image_reader.cc(340)] could not read dos header from C:\WINDOWS\System32\msvcrt.dll
[0820/125143.953:ERROR:process_memory_win.cc(73)] ReadMemory at 0x7ffb07130000 of 64 bytes failed: Only part of a ReadProcessMemory or WriteProcessMemory request was completed. (0x12B)
[0820/125143.953:WARNING:pe_image_reader.cc(340)] could not read dos header from C:\WINDOWS\System32\bcryptPrimitives.dll
[0820/125143.953:ERROR:process_memory_win.cc(73)] ReadMemory at 0x7ffb09530000 of 64 bytes failed: Only part of a ReadProcessMemory or WriteProcessMemory request was completed. (0x12B)
[0820/125143.953:WARNING:pe_image_reader.cc(340)] could not read dos header from C:\WINDOWS\System32\ADVAPI32.dll
[0820/125143.953:ERROR:process_memory_win.cc(73)] ReadMemory at 0x7ffb099e0000 of 64 bytes failed: Only part of a ReadProcessMemory or WriteProcessMemory request was completed. (0x12B)
[0820/125143.954:WARNING:pe_image_reader.cc(340)] could not read dos header from C:\WINDOWS\System32\sechost.dll
[0820/125143.954:ERROR:process_memory_win.cc(73)] ReadMemory at 0x7ffb0a040000 of 64 bytes failed: Only part of a ReadProcessMemory or WriteProcessMemory request was completed. (0x12B)
[0820/125143.954:WARNING:pe_image_reader.cc(340)] could not read dos header from C:\WINDOWS\System32\RPCRT4.dll
[0820/125143.954:ERROR:process_memory_win.cc(73)] ReadMemory at 0x7ffaa1f60000 of 64 bytes failed: Only part of a ReadProcessMemory or WriteProcessMemory request was completed. (0x12B)
[0820/125143.954:WARNING:pe_image_reader.cc(340)] could not read dos header from C:\Program Files (x86)\Google\Chrome\Application\76.0.3809.100\chrome_child.dll
[0820/125143.954:ERROR:process_memory_win.cc(73)] ReadMemory at 0x7ffb08ba0000 of 64 bytes failed: Only part of a ReadProcessMemory or WriteProcessMemory request was completed. (0x12B)
[0820/125143.954:WARNING:pe_image_reader.cc(340)] could not read dos header from C:\WINDOWS\System32\OLEAUT32.dll
[0820/125143.954:ERROR:process_memory_win.cc(73)] ReadMemory at 0x7ffb07990000 of 64 bytes failed: Only part of a ReadProcessMemory or WriteProcessMemory request was completed. (0x12B)
[0820/125143.954:WARNING:pe_image_reader.cc(340)] could not read dos header from C:\WINDOWS\System32\msvcp_win.dll
[0820/125143.954:ERROR:process_memory_win.cc(73)] ReadMemory at 0x7ffb080f0000 of 64 bytes failed: Only part of a ReadProcessMemory or WriteProcessMemory request was completed. (0x12B)
[0820/125143.954:WARNING:pe_image_reader.cc(340)] could not read dos header from C:\WINDOWS\System32\ucrtbase.dll
[0820/125143.954:ERROR:process_memory_win.cc(73)] ReadMemory at 0x7ffb08860000 of 64 bytes failed: Only part of a ReadProcessMemory or WriteProcessMemory request was completed. (0x12B)
[0820/125143.954:WARNING:pe_image_reader.cc(340)] could not read dos header from C:\WINDOWS\System32\combase.dll
[0820/125143.954:ERROR:process_memory_win.cc(73)] ReadMemory at 0x7ffb09690000 of 64 bytes failed: Only part of a ReadProcessMemory or WriteProcessMemory request was completed. (0x12B)
[0820/125143.954:WARNING:pe_image_reader.cc(340)] could not read dos header from C:\WINDOWS\System32\WS2_32.dll
[0820/125143.954:ERROR:process_memory_win.cc(73)] ReadMemory at 0x7ffb09920000 of 64 bytes failed: Only part of a ReadProcessMemory or WriteProcessMemory request was completed. (0x12B)
[0820/125143.954:WARNING:pe_image_reader.cc(340)] could not read dos header from C:\WINDOWS\System32\GDI32.dll
[0820/125143.954:ERROR:process_memory_win.cc(73)] ReadMemory at 0x7ffb081f0000 of 64 bytes failed: Only part of a ReadProcessMemory or WriteProcessMemory request was completed. (0x12B)
[0820/125143.954:WARNING:pe_image_reader.cc(340)] could not read dos header from C:\WINDOWS\System32\win32u.dll
[0820/125143.954:ERROR:process_memory_win.cc(73)] ReadMemory at 0x7ffb07f50000 of 64 bytes failed: Only part of a ReadProcessMemory or WriteProcessMemory request was completed. (0x12B)
[0820/125143.954:WARNING:pe_image_reader.cc(340)] could not read dos header from C:\WINDOWS\System32\gdi32full.dll
[0820/125143.954:ERROR:process_memory_win.cc(73)] ReadMemory at 0x7ffb08c70000 of 64 bytes failed: Only part of a ReadProcessMemory or WriteProcessMemory request was completed. (0x12B)
[0820/125143.954:WARNING:pe_image_reader.cc(340)] could not read dos header from C:\WINDOWS\System32\USER32.dll
[0820/125143.955:ERROR:process_memory_win.cc(73)] ReadMemory at 0x7ffb07930000 of 64 bytes failed: Only part of a ReadProcessMemory or WriteProcessMemory request was completed. (0x12B)
[0820/125143.955:WARNING:pe_image_reader.cc(340)] could not read dos header from C:\WINDOWS\System32\WINTRUST.dll
[0820/125143.955:ERROR:process_memory_win.cc(73)] ReadMemory at 0x7ffb07110000 of 64 bytes failed: Only part of a ReadProcessMemory or WriteProcessMemory request was completed. (0x12B)
[0820/125143.955:WARNING:pe_image_reader.cc(340)] could not read dos header from C:\WINDOWS\System32\MSASN1.dll
[0820/125143.955:ERROR:process_memory_win.cc(73)] ReadMemory at 0x7ffb07ce0000 of 64 bytes failed: Only part of a ReadProcessMemory or WriteProcessMemory request was completed. (0x12B)
[0820/125143.955:WARNING:pe_image_reader.cc(340)] could not read dos header from C:\WINDOWS\System32\CRYPT32.dll
[0820/125143.955:ERROR:process_memory_win.cc(73)] ReadMemory at 0x7ffb065f0000 of 64 bytes failed: Only part of a ReadProcessMemory or WriteProcessMemory request was completed. (0x12B)
[0820/125143.955:WARNING:pe_image_reader.cc(340)] could not read dos header from C:\WINDOWS\SYSTEM32\IPHLPAPI.DLL
[0820/125143.955:ERROR:process_memory_win.cc(73)] ReadMemory at 0x7ffaf9080000 of 64 bytes failed: Only part of a ReadProcessMemory or WriteProcessMemory request was completed. (0x12B)
[0820/125143.955:WARNING:pe_image_reader.cc(340)] could not read dos header from C:\WINDOWS\SYSTEM32\WINMM.dll
[0820/125143.955:ERROR:process_memory_win.cc(73)] ReadMemory at 0x7ffb06f90000 of 64 bytes failed: Only part of a ReadProcessMemory or WriteProcessMemory request was completed. (0x12B)
[0820/125143.955:WARNING:pe_image_reader.cc(340)] could not read dos header from C:\WINDOWS\SYSTEM32\USERENV.dll
[0820/125143.955:ERROR:process_memory_win.cc(73)] ReadMemory at 0x7ffb070f0000 of 64 bytes failed: Only part of a ReadProcessMemory or WriteProcessMemory request was completed. (0x12B)
[0820/125143.955:WARNING:pe_image_reader.cc(340)] could not read dos header from C:\WINDOWS\System32\profapi.dll
[0820/125143.955:ERROR:process_memory_win.cc(73)] ReadMemory at 0x7ffadc580000 of 64 bytes failed: Only part of a ReadProcessMemory or WriteProcessMemory request was completed. (0x12B)
[0820/125143.955:WARNING:pe_image_reader.cc(340)] could not read dos header from C:\WINDOWS\SYSTEM32\DWrite.dll
[0820/125143.955:ERROR:process_memory_win.cc(73)] ReadMemory at 0x7ffaf49e0000 of 64 bytes failed: Only part of a ReadProcessMemory or WriteProcessMemory request was completed. (0x12B)
[0820/125143.955:WARNING:pe_image_reader.cc(340)] could not read dos header from C:\WINDOWS\SYSTEM32\WINSPOOL.DRV
[0820/125143.955:ERROR:process_memory_win.cc(73)] ReadMemory at 0x7ffb07080000 of 64 bytes failed: Only part of a ReadProcessMemory or WriteProcessMemory request was completed. (0x12B)
[0820/125143.955:WARNING:pe_image_reader.cc(340)] could not read dos header from C:\WINDOWS\System32\kernel.appcore.dll
[0820/125143.956:ERROR:process_memory_win.cc(73)] ReadMemory at 0x7ffb08220000 of 64 bytes failed: Only part of a ReadProcessMemory or WriteProcessMemory request was completed. (0x12B)
[0820/125143.956:WARNING:pe_image_reader.cc(340)] could not read dos header from C:\WINDOWS\System32\bcrypt.dll
[0820/125143.956:ERROR:process_memory_win.cc(73)] ReadMemory at 0x7ffb05810000 of 64 bytes failed: Only part of a ReadProcessMemory or WriteProcessMemory request was completed. (0x12B)
[0820/125143.956:WARNING:pe_image_reader.cc(340)] could not read dos header from C:\WINDOWS\SYSTEM32\dbghelp.dll
[0820/125143.956:ERROR:process_memory_win.cc(73)] ReadMemory at 0x7ffafe770000 of 64 bytes failed: Only part of a ReadProcessMemory or WriteProcessMemory request was completed. (0x12B)
[0820/125143.956:WARNING:pe_image_reader.cc(340)] could not read dos header from C:\WINDOWS\SYSTEM32\WINHTTP.dll
[0820/125143.956:ERROR:process_memory_win.cc(73)] ReadMemory at 0x7ffaf6a60000 of 64 bytes failed: Only part of a ReadProcessMemory or WriteProcessMemory request was completed. (0x12B)
[0820/125143.956:WARNING:pe_image_reader.cc(340)] could not read dos header from C:\WINDOWS\SYSTEM32\Secur32.dll
[0820/125143.956:ERROR:process_memory_win.cc(73)] ReadMemory at 0x7ffaf9bb0000 of 64 bytes failed: Only part of a ReadProcessMemory or WriteProcessMemory request was completed. (0x12B)
[0820/125143.956:WARNING:pe_image_reader.cc(340)] could not read dos header from C:\WINDOWS\SYSTEM32\dhcpcsvc.DLL
[0820/125143.956:ERROR:process_memory_win.cc(73)] ReadMemory at 0x7ffb08640000 of 64 bytes failed: Only part of a ReadProcessMemory or WriteProcessMemory request was completed. (0x12B)
[0820/125143.956:WARNING:pe_image_reader.cc(340)] could not read dos header from C:\WINDOWS\System32\NSI.dll
[0820/125143.956:ERROR:process_memory_win.cc(73)] ReadMemory at 0x7ffaf8e40000 of 64 bytes failed: Only part of a ReadProcessMemory or WriteProcessMemory request was completed. (0x12B)
[0820/125143.956:WARNING:pe_image_reader.cc(340)] could not read dos header from C:\WINDOWS\SYSTEM32\WINMMBASE.dll
[0820/125143.956:ERROR:process_memory_win.cc(73)] ReadMemory at 0x7ffb07e30000 of 64 bytes failed: Only part of a ReadProcessMemory or WriteProcessMemory request was completed. (0x12B)
[0820/125143.956:WARNING:pe_image_reader.cc(340)] could not read dos header from C:\WINDOWS\System32\cfgmgr32.dll
[0820/125143.956:ERROR:process_memory_win.cc(73)] ReadMemory at 0x7ffb04b00000 of 64 bytes failed: Only part of a ReadProcessMemory or WriteProcessMemory request was completed. (0x12B)
[0820/125143.956:WARNING:pe_image_reader.cc(340)] could not read dos header from C:\WINDOWS\SYSTEM32\PROPSYS.dll
[0820/125143.956:ERROR:process_memory_win.cc(73)] ReadMemory at 0x7ffb095e0000 of 64 bytes failed: Only part of a ReadProcessMemory or WriteProcessMemory request was completed. (0x12B)
[0820/125143.956:WARNING:pe_image_reader.cc(340)] could not read dos header from C:\WINDOWS\System32\shcore.dll
[0820/125143.956:ERROR:process_memory_win.cc(73)] ReadMemory at 0x7ffb06f60000 of 64 bytes failed: Only part of a ReadProcessMemory or WriteProcessMemory request was completed. (0x12B)
[0820/125143.956:WARNING:pe_image_reader.cc(340)] could not read dos header from C:\WINDOWS\SYSTEM32\SSPICLI.DLL
[0820/125143.956:ERROR:process_memory_win.cc(73)] ReadMemory at 0x7ffb09a80000 of 64 bytes failed: Only part of a ReadProcessMemory or WriteProcessMemory request was completed. (0x12B)
[0820/125143.956:WARNING:pe_image_reader.cc(340)] could not read dos header from C:\WINDOWS\System32\IMM32.DLL
[0820/125143.956:ERROR:process_memory_win.cc(73)] ReadMemory at 0x24c79e10000 of 64 bytes failed: Only part of a ReadProcessMemory or WriteProcessMemory request was completed. (0x12B)
[0820/125143.956:WARNING:pe_image_reader.cc(340)] could not read dos header from C:\WINDOWS\System32\ole32.dll
[0820/125143.956:ERROR:process_memory_win.cc(73)] ReadMemory at 0x7ffb06ab0000 of 64 bytes failed: Only part of a ReadProcessMemory or WriteProcessMemory request was completed. (0x12B)
[0820/125143.956:WARNING:pe_image_reader.cc(340)] could not read dos header from C:\WINDOWS\SYSTEM32\CRYPTBASE.DLL
[0820/125143.981:ERROR:process_memory_win.cc(73)] ReadMemory at 0xc5e53ed000 of 77824 bytes failed: Only part of a ReadProcessMemory or WriteProcessMemory request was completed. (0x12B)
[0820/125143.982:ERROR:process_memory_win.cc(73)] ReadMemory at 0xc5e55fd000 of 12288 bytes failed: Only part of a ReadProcessMemory or WriteProcessMemory request was completed. (0x12B)
[0820/125143.982:ERROR:process_memory_win.cc(73)] ReadMemory at 0xc5e57fd000 of 12288 bytes failed: Only part of a ReadProcessMemory or WriteProcessMemory request was completed. (0x12B)
[0820/125143.982:ERROR:process_memory_win.cc(73)] ReadMemory at 0xc5e59fc000 of 16384 bytes failed: Only part of a ReadProcessMemory or WriteProcessMemory request was completed. (0x12B)
[0820/125143.982:ERROR:process_memory_win.cc(73)] ReadMemory at 0xc5e5bfc000 of 16384 bytes failed: Only part of a ReadProcessMemory or WriteProcessMemory request was completed. (0x12B)
[0820/125143.983:ERROR:process_memory_win.cc(73)] ReadMemory at 0xc5e5dff000 of 4096 bytes failed: Only part of a ReadProcessMemory or WriteProcessMemory request was completed. (0x12B)
[0820/125143.983:ERROR:process_memory_win.cc(73)] ReadMemory at 0xc5e5ffd000 of 12288 bytes failed: Only part of a ReadProcessMemory or WriteProcessMemory request was completed. (0x12B)
[0820/125143.983:ERROR:process_memory_win.cc(73)] ReadMemory at 0xc5e61fd000 of 12288 bytes failed: Only part of a ReadProcessMemory or WriteProcessMemory request was completed. (0x12B)
[0820/125143.984:ERROR:process_memory_win.cc(73)] ReadMemory at 0xc5e63fd000 of 12288 bytes failed: Only part of a ReadProcessMemory or WriteProcessMemory request was completed. (0x12B)
[0820/125143.984:ERROR:process_memory_win.cc(73)] ReadMemory at 0xc5e65fd000 of 12288 bytes failed: Only part of a ReadProcessMemory or WriteProcessMemory request was completed. (0x12B)
[0820/125143.984:ERROR:process_memory_win.cc(73)] ReadMemory at 0xc5e67fd000 of 12288 bytes failed: Only part of a ReadProcessMemory or WriteProcessMemory request was completed. (0x12B)
[0820/125143.984:ERROR:process_memory_win.cc(73)] ReadMemory at 0xc5e69fd000 of 12288 bytes failed: Only part of a ReadProcessMemory or WriteProcessMemory request was completed. (0x12B)
[0820/125143.985:ERROR:process_memory_win.cc(73)] ReadMemory at 0xc5e6bfd000 of 12288 bytes failed: Only part of a ReadProcessMemory or WriteProcessMemory request was completed. (0x12B)
[0820/125143.985:ERROR:process_memory_win.cc(73)] ReadMemory at 0xc5e6dfd000 of 12288 bytes failed: Only part of a ReadProcessMemory or WriteProcessMemory request was completed. (0x12B)
[0820/125143.985:ERROR:process_memory_win.cc(73)] ReadMemory at 0xc5e6ffd000 of 12288 bytes failed: Only part of a ReadProcessMemory or WriteProcessMemory request was completed. (0x12B)
[0820/125143.985:ERROR:process_memory_win.cc(73)] ReadMemory at 0xc5e71fd000 of 12288 bytes failed: Only part of a ReadProcessMemory or WriteProcessMemory request was completed. (0x12B)
[0820/125143.985:ERROR:process_memory_win.cc(73)] ReadMemory at 0xc5e73fd000 of 12288 bytes failed: Only part of a ReadProcessMemory or WriteProcessMemory request was completed. (0x12B)
[0820/125143.985:ERROR:process_memory_win.cc(73)] ReadMemory at 0xc5e75fd000 of 12288 bytes failed: Only part of a ReadProcessMemory or WriteProcessMemory request was completed. (0x12B)
[0820/125143.986:ERROR:process_memory_win.cc(73)] ReadMemory at 0xc5e77fd000 of 12288 bytes failed: Only part of a ReadProcessMemory or WriteProcessMemory request was completed. (0x12B)
[0820/125143.986:ERROR:process_memory_win.cc(73)] ReadMemory at 0xc5e79fd000 of 12288 bytes failed: Only part of a ReadProcessMemory or WriteProcessMemory request was completed. (0x12B)
[0820/125143.986:ERROR:process_memory_win.cc(73)] ReadMemory at 0xc5e5083000 of 852 bytes failed: Only part of a ReadProcessMemory or WriteProcessMemory request was completed. (0x12B)
[0820/125143.986:ERROR:process_memory_win.cc(73)] ReadMemory at 0xc5e5084000 of 6024 bytes failed: Only part of a ReadProcessMemory or WriteProcessMemory request was completed. (0x12B)
[0820/125143.986:ERROR:process_memory_win.cc(73)] ReadMemory at 0xc5e5086000 of 6024 bytes failed: Only part of a ReadProcessMemory or WriteProcessMemory request was completed. (0x12B)
[0820/125143.986:ERROR:process_memory_win.cc(73)] ReadMemory at 0xc5e5088000 of 6024 bytes failed: Only part of a ReadProcessMemory or WriteProcessMemory request was completed. (0x12B)
[0820/125143.987:ERROR:process_memory_win.cc(73)] ReadMemory at 0xc5e508a000 of 6024 bytes failed: Only part of a ReadProcessMemory or WriteProcessMemory request was completed. (0x12B)
[0820/125143.987:ERROR:process_memory_win.cc(73)] ReadMemory at 0xc5e508c000 of 6024 bytes failed: Only part of a ReadProcessMemory or WriteProcessMemory request was completed. (0x12B)
[0820/125143.987:ERROR:process_memory_win.cc(73)] ReadMemory at 0xc5e508e000 of 6024 bytes failed: Only part of a ReadProcessMemory or WriteProcessMemory request was completed. (0x12B)
[0820/125143.987:ERROR:process_memory_win.cc(73)] ReadMemory at 0xc5e5090000 of 6024 bytes failed: Only part of a ReadProcessMemory or WriteProcessMemory request was completed. (0x12B)
[0820/125143.987:ERROR:process_memory_win.cc(73)] ReadMemory at 0xc5e5092000 of 6024 bytes failed: Only part of a ReadProcessMemory or WriteProcessMemory request was completed. (0x12B)
[0820/125143.988:ERROR:process_memory_win.cc(73)] ReadMemory at 0xc5e5094000 of 6024 bytes failed: Only part of a ReadProcessMemory or WriteProcessMemory request was completed. (0x12B)
[0820/125143.988:ERROR:process_memory_win.cc(73)] ReadMemory at 0xc5e5096000 of 6024 bytes failed: Only part of a ReadProcessMemory or WriteProcessMemory request was completed. (0x12B)
[0820/125143.988:ERROR:process_memory_win.cc(73)] ReadMemory at 0xc5e5098000 of 6024 bytes failed: Only part of a ReadProcessMemory or WriteProcessMemory request was completed. (0x12B)
[0820/125143.988:ERROR:process_memory_win.cc(73)] ReadMemory at 0xc5e509a000 of 6024 bytes failed: Only part of a ReadProcessMemory or WriteProcessMemory request was completed. (0x12B)
[0820/125143.988:ERROR:process_memory_win.cc(73)] ReadMemory at 0xc5e509c000 of 6024 bytes failed: Only part of a ReadProcessMemory or WriteProcessMemory request was completed. (0x12B)
[0820/125143.988:ERROR:process_memory_win.cc(73)] ReadMemory at 0xc5e509e000 of 6024 bytes failed: Only part of a ReadProcessMemory or WriteProcessMemory request was completed. (0x12B)
[0820/125143.989:ERROR:process_memory_win.cc(73)] ReadMemory at 0xc5e50a0000 of 6024 bytes failed: Only part of a ReadProcessMemory or WriteProcessMemory request was completed. (0x12B)
[0820/125143.989:ERROR:process_memory_win.cc(73)] ReadMemory at 0xc5e50a2000 of 6024 bytes failed: Only part of a ReadProcessMemory or WriteProcessMemory request was completed. (0x12B)
[0820/125143.989:ERROR:process_memory_win.cc(73)] ReadMemory at 0xc5e50a4000 of 6024 bytes failed: Only part of a ReadProcessMemory or WriteProcessMemory request was completed. (0x12B)
[0820/125143.989:ERROR:process_memory_win.cc(73)] ReadMemory at 0xc5e50a6000 of 6024 bytes failed: Only part of a ReadProcessMemory or WriteProcessMemory request was completed. (0x12B)
[0820/125143.990:ERROR:process_memory_win.cc(73)] ReadMemory at 0xc5e50a8000 of 6024 bytes failed: Only part of a ReadProcessMemory or WriteProcessMemory request was completed. (0x12B)
[0820/125143.990:ERROR:process_memory_win.cc(73)] ReadMemory at 0xc5e50aa000 of 6024 bytes failed: Only part of a ReadProcessMemory or WriteProcessMemory request was completed. (0x12B)
[0820/125143.990:ERROR:process_memory_win.cc(73)] ReadMemory at 0x24c79840fe0 of 24234 bytes failed: Only part of a ReadProcessMemory or WriteProcessMemory request was completed. (0x12B)
[0820/125143.990:ERROR:process_memory_win.cc(73)] ReadMemory at 0x24c79846ea0 of 1012 bytes failed: Only part of a ReadProcessMemory or WriteProcessMemory request was completed. (0x12B)
[0820/125143.990:ERROR:process_memory_win.cc(73)] ReadMemory at 0x24c798474e8 of 118 bytes failed: Only part of a ReadProcessMemory or WriteProcessMemory request was completed. (0x12B)
[0820/125143.990:ERROR:process_memory_win.cc(73)] ReadMemory at 0x24c79847560 of 910 bytes failed: Only part of a ReadProcessMemory or WriteProcessMemory request was completed. (0x12B)
[0820/125143.991:ERROR:process_memory_win.cc(73)] ReadMemory at 0x24c798478f0 of 118 bytes failed: Only part of a ReadProcessMemory or WriteProcessMemory request was completed. (0x12B)
[0820/125143.991:ERROR:process_memory_win.cc(73)] ReadMemory at 0x24c79847968 of 98 bytes failed: Only part of a ReadProcessMemory or WriteProcessMemory request was completed. (0x12B)
[0820/125143.991:ERROR:process_memory_win.cc(73)] ReadMemory at 0x24c798479e0 of 58 bytes failed: Only part of a ReadProcessMemory or WriteProcessMemory request was completed. (0x12B)
[0820/125143.991:ERROR:process_memory_win.cc(73)] ReadMemory at 0x24c79847ae0 of 132 bytes failed: Only part of a ReadProcessMemory or WriteProcessMemory request was completed. (0x12B)
[0820/125143.991:ERROR:process_memory_win.cc(73)] ReadMemory at 0x24c79847c70 of 132 bytes failed: Only part of a ReadProcessMemory or WriteProcessMemory request was completed. (0x12B)
[0820/125143.991:ERROR:process_memory_win.cc(73)] ReadMemory at 0x24c79847e30 of 126 bytes failed: Only part of a ReadProcessMemory or WriteProcessMemory request was completed. (0x12B)
[0820/125143.991:ERROR:process_memory_win.cc(73)] ReadMemory at 0x24c79848120 of 132 bytes failed: Only part of a ReadProcessMemory or WriteProcessMemory request was completed. (0x12B)
[0820/125143.991:ERROR:process_memory_win.cc(73)] ReadMemory at 0x24c79848a10 of 132 bytes failed: Only part of a ReadProcessMemory or WriteProcessMemory request was completed. (0x12B)
[0820/125143.992:ERROR:process_memory_win.cc(73)] ReadMemory at 0x24c79848ba0 of 64 bytes failed: Only part of a ReadProcessMemory or WriteProcessMemory request was completed. (0x12B)
[0820/125143.992:ERROR:process_memory_win.cc(73)] ReadMemory at 0x24c79848bf0 of 132 bytes failed: Only part of a ReadProcessMemory or WriteProcessMemory request was completed. (0x12B)
[0820/125143.992:ERROR:process_memory_win.cc(73)] ReadMemory at 0x24c79848d20 of 158 bytes failed: Only part of a ReadProcessMemory or WriteProcessMemory request was completed. (0x12B)
[0820/125143.992:ERROR:process_memory_win.cc(73)] ReadMemory at 0x24c79849000 of 132 bytes failed: Only part of a ReadProcessMemory or WriteProcessMemory request was completed. (0x12B)
[0820/125143.992:ERROR:process_memory_win.cc(73)] ReadMemory at 0x24c79849190 of 68 bytes failed: Only part of a ReadProcessMemory or WriteProcessMemory request was completed. (0x12B)
[0820/125143.992:ERROR:process_memory_win.cc(73)] ReadMemory at 0x24c7985371c of 512 bytes failed: Only part of a ReadProcessMemory or WriteProcessMemory request was completed. (0x12B)
[0820/125143.992:ERROR:process_memory_win.cc(73)] ReadMemory at 0x24c79853cb0 of 132 bytes failed: Only part of a ReadProcessMemory or WriteProcessMemory request was completed. (0x12B)
[0820/125143.992:ERROR:process_memory_win.cc(73)] ReadMemory at 0x24c79854010 of 132 bytes failed: Only part of a ReadProcessMemory or WriteProcessMemory request was completed. (0x12B)
[0820/125143.992:ERROR:process_memory_win.cc(73)] ReadMemory at 0x24c79854500 of 132 bytes failed: Only part of a ReadProcessMemory or WriteProcessMemory request was completed. (0x12B)
[0820/125143.993:ERROR:process_memory_win.cc(73)] ReadMemory at 0x24c79856d70 of 60 bytes failed: Only part of a ReadProcessMemory or WriteProcessMemory request was completed. (0x12B)
[0820/125143.993:ERROR:process_memory_win.cc(73)] ReadMemory at 0x24c798570e0 of 62 bytes failed: Only part of a ReadProcessMemory or WriteProcessMemory request was completed. (0x12B)
[0820/125143.993:ERROR:process_memory_win.cc(73)] ReadMemory at 0x24c79857270 of 60 bytes failed: Only part of a ReadProcessMemory or WriteProcessMemory request was completed. (0x12B)
[0820/125143.993:ERROR:process_memory_win.cc(73)] ReadMemory at 0x24c798572c0 of 62 bytes failed: Only part of a ReadProcessMemory or WriteProcessMemory request was completed. (0x12B)
[0820/125143.993:ERROR:process_memory_win.cc(73)] ReadMemory at 0x24c79857310 of 62 bytes failed: Only part of a ReadProcessMemory or WriteProcessMemory request was completed. (0x12B)
[0820/125143.993:ERROR:process_memory_win.cc(73)] ReadMemory at 0x24c79857e00 of 132 bytes failed: Only part of a ReadProcessMemory or WriteProcessMemory request was completed. (0x12B)
[0820/125143.993:ERROR:process_memory_win.cc(73)] ReadMemory at 0x24c79857f30 of 154 bytes failed: Only part of a ReadProcessMemory or WriteProcessMemory request was completed. (0x12B)
[0820/125143.993:ERROR:process_memory_win.cc(73)] ReadMemory at 0x24c798588d0 of 132 bytes failed: Only part of a ReadProcessMemory or WriteProcessMemory request was completed. (0x12B)
[0820/125143.993:ERROR:process_memory_win.cc(73)] ReadMemory at 0x24c79858a00 of 132 bytes failed: Only part of a ReadProcessMemory or WriteProcessMemory request was completed. (0x12B)
[0820/125143.993:ERROR:process_memory_win.cc(73)] ReadMemory at 0x24c79858b70 of 132 bytes failed: Only part of a ReadProcessMemory or WriteProcessMemory request was completed. (0x12B)
[0820/125143.993:ERROR:process_memory_win.cc(73)] ReadMemory at 0x24c79858ed0 of 80 bytes failed: Only part of a ReadProcessMemory or WriteProcessMemory request was completed. (0x12B)
[0820/125143.993:ERROR:process_memory_win.cc(73)] ReadMemory at 0x24c79859620 of 132 bytes failed: Only part of a ReadProcessMemory or WriteProcessMemory request was completed. (0x12B)
[0820/125143.993:ERROR:process_memory_win.cc(73)] ReadMemory at 0x24c79859750 of 132 bytes failed: Only part of a ReadProcessMemory or WriteProcessMemory request was completed. (0x12B)
[0820/125143.993:ERROR:process_memory_win.cc(73)] ReadMemory at 0x24c79859880 of 132 bytes failed: Only part of a ReadProcessMemory or WriteProcessMemory request was completed. (0x12B)
[0820/125143.993:ERROR:process_memory_win.cc(73)] ReadMemory at 0x24c798599b0 of 132 bytes failed: Only part of a ReadProcessMemory or WriteProcessMemory request was completed. (0x12B)
[0820/125143.993:ERROR:process_memory_win.cc(73)] ReadMemory at 0x24c79859ae0 of 132 bytes failed: Only part of a ReadProcessMemory or WriteProcessMemory request was completed. (0x12B)
[0820/125143.993:ERROR:process_memory_win.cc(73)] ReadMemory at 0x24c79859d40 of 132 bytes failed: Only part of a ReadProcessMemory or WriteProcessMemory request was completed. (0x12B)
[0820/125143.993:ERROR:process_memory_win.cc(73)] ReadMemory at 0x24c79859e70 of 132 bytes failed: Only part of a ReadProcessMemory or WriteProcessMemory request was completed. (0x12B)
[0820/125143.993:ERROR:process_memory_win.cc(73)] ReadMemory at 0x24c79859fa0 of 132 bytes failed: Only part of a ReadProcessMemory or WriteProcessMemory request was completed. (0x12B)
[0820/125143.993:ERROR:process_memory_win.cc(73)] ReadMemory at 0x24c7985a0d0 of 132 bytes failed: Only part of a ReadProcessMemory or WriteProcessMemory request was completed. (0x12B)
[0820/125143.993:ERROR:process_memory_win.cc(73)] ReadMemory at 0x24c7985a200 of 132 bytes failed: Only part of a ReadProcessMemory or WriteProcessMemory request was completed. (0x12B)
[0820/125143.993:ERROR:process_memory_win.cc(73)] ReadMemory at 0x24c7985a330 of 132 bytes failed: Only part of a ReadProcessMemory or WriteProcessMemory request was completed. (0x12B)
[0820/125143.993:ERROR:process_memory_win.cc(73)] ReadMemory at 0x24c7985a460 of 132 bytes failed: Only part of a ReadProcessMemory or WriteProcessMemory request was completed. (0x12B)
[0820/125143.993:ERROR:process_memory_win.cc(73)] ReadMemory at 0x24c7985a830 of 62 bytes failed: Only part of a ReadProcessMemory or WriteProcessMemory request was completed. (0x12B)
[0820/125143.993:ERROR:process_memory_win.cc(73)] ReadMemory at 0x24c7985a880 of 62 bytes failed: Only part of a ReadProcessMemory or WriteProcessMemory request was completed. (0x12B)
[0820/125143.993:ERROR:process_memory_win.cc(73)] ReadMemory at 0x24c7985ab50 of 64 bytes failed: Only part of a ReadProcessMemory or WriteProcessMemory request was completed. (0x12B)
[0820/125143.993:ERROR:process_memory_win.cc(73)] ReadMemory at 0x24c7985aba0 of 64 bytes failed: Only part of a ReadProcessMemory or WriteProcessMemory request was completed. (0x12B)
[0820/125143.993:ERROR:process_memory_win.cc(73)] ReadMemory at 0x24c7985abf0 of 66 bytes failed: Only part of a ReadProcessMemory or WriteProcessMemory request was completed. (0x12B)
[0820/125143.993:ERROR:process_memory_win.cc(73)] ReadMemory at 0x24c7985ace0 of 60 bytes failed: Only part of a ReadProcessMemory or WriteProcessMemory request was completed. (0x12B)
[0820/125143.993:ERROR:process_memory_win.cc(73)] ReadMemory at 0x24c7985add0 of 60 bytes failed: Only part of a ReadProcessMemory or WriteProcessMemory request was completed. (0x12B)
[0820/125143.993:ERROR:process_memory_win.cc(73)] ReadMemory at 0x24c7985ae20 of 64 bytes failed: Only part of a ReadProcessMemory or WriteProcessMemory request was completed. (0x12B)
[0820/125143.997:ERROR:process_memory_win.cc(73)] ReadMemory at 0x24c7985ae70 of 60 bytes failed: Only part of a ReadProcessMemory or WriteProcessMemory request was completed. (0x12B)
[0820/125143.997:ERROR:process_memory_win.cc(73)] ReadMemory at 0x24c7985aec0 of 64 bytes failed: Only part of a ReadProcessMemory or WriteProcessMemory request was completed. (0x12B)
[0820/125143.997:ERROR:process_memory_win.cc(73)] ReadMemory at 0x24c7985af10 of 62 bytes failed: Only part of a ReadProcessMemory or WriteProcessMemory request was completed. (0x12B)
[0820/125143.997:ERROR:process_memory_win.cc(73)] ReadMemory at 0x24c7985af60 of 60 bytes failed: Only part of a ReadProcessMemory or WriteProcessMemory request was completed. (0x12B)
[0820/125143.997:ERROR:process_memory_win.cc(73)] ReadMemory at 0x24c7985afb0 of 60 bytes failed: Only part of a ReadProcessMemory or WriteProcessMemory request was completed. (0x12B)
[0820/125143.997:ERROR:process_memory_win.cc(73)] ReadMemory at 0x24c7985b050 of 58 bytes failed: Only part of a ReadProcessMemory or WriteProcessMemory request was completed. (0x12B)
[0820/125143.997:ERROR:process_memory_win.cc(73)] ReadMemory at 0x24c7985b190 of 62 bytes failed: Only part of a ReadProcessMemory or WriteProcessMemory request was completed. (0x12B)
[0820/125143.997:ERROR:process_memory_win.cc(73)] ReadMemory at 0x24c7985b1e0 of 66 bytes failed: Only part of a ReadProcessMemory or WriteProcessMemory request was completed. (0x12B)
[0820/125143.997:ERROR:process_memory_win.cc(73)] ReadMemory at 0x24c7985b230 of 64 bytes failed: Only part of a ReadProcessMemory or WriteProcessMemory request was completed. (0x12B)
[0820/125143.998:ERROR:process_memory_win.cc(73)] ReadMemory at 0x24c7985b280 of 60 bytes failed: Only part of a ReadProcessMemory or WriteProcessMemory request was completed. (0x12B)
[0820/125143.998:ERROR:process_memory_win.cc(73)] ReadMemory at 0x24c7985b2d0 of 62 bytes failed: Only part of a ReadProcessMemory or WriteProcessMemory request was completed. (0x12B)
[0820/125143.998:ERROR:process_memory_win.cc(73)] ReadMemory at 0x24c7985b320 of 62 bytes failed: Only part of a ReadProcessMemory or WriteProcessMemory request was completed. (0x12B)
[0820/125143.998:ERROR:process_memory_win.cc(73)] ReadMemory at 0x24c7985b3c0 of 64 bytes failed: Only part of a ReadProcessMemory or WriteProcessMemory request was completed. (0x12B)
[0820/125143.998:ERROR:process_memory_win.cc(73)] ReadMemory at 0x24c7985b4b0 of 64 bytes failed: Only part of a ReadProcessMemory or WriteProcessMemory request was completed. (0x12B)
[0820/125143.998:ERROR:process_memory_win.cc(73)] ReadMemory at 0x24c7985b550 of 62 bytes failed: Only part of a ReadProcessMemory or WriteProcessMemory request was completed. (0x12B)
[0820/125143.998:ERROR:process_memory_win.cc(73)] ReadMemory at 0x24c7985b5a0 of 62 bytes failed: Only part of a ReadProcessMemory or WriteProcessMemory request was completed. (0x12B)
[0820/125143.998:ERROR:process_memory_win.cc(73)] ReadMemory at 0x24c7985b5f0 of 66 bytes failed: Only part of a ReadProcessMemory or WriteProcessMemory request was completed. (0x12B)
[0820/125143.998:ERROR:process_memory_win.cc(73)] ReadMemory at 0x24c7985b640 of 64 bytes failed: Only part of a ReadProcessMemory or WriteProcessMemory request was completed. (0x12B)
[0820/125143.998:ERROR:process_memory_win.cc(73)] ReadMemory at 0x24c7985b690 of 60 bytes failed: Only part of a ReadProcessMemory or WriteProcessMemory request was completed. (0x12B)
[0820/125143.998:ERROR:process_memory_win.cc(73)] ReadMemory at 0x24c7985b780 of 58 bytes failed: Only part of a ReadProcessMemory or WriteProcessMemory request was completed. (0x12B)
[0820/125143.998:ERROR:process_memory_win.cc(73)] ReadMemory at 0x24c7985c050 of 132 bytes failed: Only part of a ReadProcessMemory or WriteProcessMemory request was completed. (0x12B)
[0820/125143.998:ERROR:process_memory_win.cc(73)] ReadMemory at 0x24c7985c180 of 132 bytes failed: Only part of a ReadProcessMemory or WriteProcessMemory request was completed. (0x12B)
[0820/125143.998:ERROR:process_memory_win.cc(73)] ReadMemory at 0x24c7985c2b0 of 132 bytes failed: Only part of a ReadProcessMemory or WriteProcessMemory request was completed. (0x12B)
[0820/125143.999:ERROR:process_memory_win.cc(73)] ReadMemory at 0x24c7985c3e0 of 132 bytes failed: Only part of a ReadProcessMemory or WriteProcessMemory request was completed. (0x12B)
[0820/125143.999:ERROR:process_memory_win.cc(73)] ReadMemory at 0x24c7985c510 of 132 bytes failed: Only part of a ReadProcessMemory or WriteProcessMemory request was completed. (0x12B)
[0820/125143.999:ERROR:process_memory_win.cc(73)] ReadMemory at 0x24c7985c640 of 132 bytes failed: Only part of a ReadProcessMemory or WriteProcessMemory request was completed. (0x12B)
[0820/125143.999:ERROR:process_memory_win.cc(73)] ReadMemory at 0x24c7985c770 of 132 bytes failed: Only part of a ReadProcessMemory or WriteProcessMemory request was completed. (0x12B)
[0820/125143.999:ERROR:process_memory_win.cc(73)] ReadMemory at 0x24c7985c8a0 of 132 bytes failed: Only part of a ReadProcessMemory or WriteProcessMemory request was completed. (0x12B)
[0820/125143.999:ERROR:process_memory_win.cc(73)] ReadMemory at 0x24c7985c9d0 of 132 bytes failed: Only part of a ReadProcessMemory or WriteProcessMemory request was completed. (0x12B)
[0820/125143.999:ERROR:process_memory_win.cc(73)] ReadMemory at 0x24c7985cb00 of 132 bytes failed: Only part of a ReadProcessMemory or WriteProcessMemory request was completed. (0x12B)
[0820/125143.999:ERROR:process_memory_win.cc(73)] ReadMemory at 0x24c7985cc30 of 132 bytes failed: Only part of a ReadProcessMemory or WriteProcessMemory request was completed. (0x12B)
[0820/125143.999:ERROR:process_memory_win.cc(73)] ReadMemory at 0x24c7985ce90 of 132 bytes failed: Only part of a ReadProcessMemory or WriteProcessMemory request was completed. (0x12B)
[0820/125143.999:ERROR:process_memory_win.cc(73)] ReadMemory at 0x24c7985cfc0 of 132 bytes failed: Only part of a ReadProcessMemory or WriteProcessMemory request was completed. (0x12B)
[0820/125143.999:ERROR:process_memory_win.cc(73)] ReadMemory at 0x24c7985d220 of 132 bytes failed: Only part of a ReadProcessMemory or WriteProcessMemory request was completed. (0x12B)
[0820/125143.999:ERROR:process_memory_win.cc(73)] ReadMemory at 0x24c7985d810 of 132 bytes failed: Only part of a ReadProcessMemory or WriteProcessMemory request was completed. (0x12B)
[0820/125143.999:ERROR:process_memory_win.cc(73)] ReadMemory at 0x24c7985d940 of 132 bytes failed: Only part of a ReadProcessMemory or WriteProcessMemory request was completed. (0x12B)
[0820/125143.999:ERROR:process_memory_win.cc(73)] ReadMemory at 0x24c7985da70 of 132 bytes failed: Only part of a ReadProcessMemory or WriteProcessMemory request was completed. (0x12B)
[0820/125143.999:ERROR:process_memory_win.cc(73)] ReadMemory at 0x24c7985de00 of 132 bytes failed: Only part of a ReadProcessMemory or WriteProcessMemory request was completed. (0x12B)
[0820/125143.999:ERROR:process_memory_win.cc(73)] ReadMemory at 0x24c79860160 of 132 bytes failed: Only part of a ReadProcessMemory or WriteProcessMemory request was completed. (0x12B)
[0820/125143.999:ERROR:process_memory_win.cc(73)] ReadMemory at 0x24c798643a0 of 54 bytes failed: Only part of a ReadProcessMemory or WriteProcessMemory request was completed. (0x12B)
[0820/125143.999:ERROR:process_memory_win.cc(73)] ReadMemory at 0x24c79865bf0 of 76 bytes failed: Only part of a ReadProcessMemory or WriteProcessMemory request was completed. (0x12B)
[0820/125144.000:ERROR:process_memory_win.cc(73)] ReadMemory at 0x24c7986bd80 of 58 bytes failed: Only part of a ReadProcessMemory or WriteProcessMemory request was completed. (0x12B)
[0820/125144.000:ERROR:process_memory_win.cc(73)] ReadMemory at 0x24c7986c230 of 58 bytes failed: Only part of a ReadProcessMemory or WriteProcessMemory request was completed. (0x12B)
[0820/125144.000:ERROR:process_memory_win.cc(73)] ReadMemory at 0x24c79880350 of 512 bytes failed: Only part of a ReadProcessMemory or WriteProcessMemory request was completed. (0x12B)
[0820/125144.000:ERROR:process_memory_win.cc(73)] ReadMemory at 0x24c79881040 of 512 bytes failed: Only part of a ReadProcessMemory or WriteProcessMemory request was completed. (0x12B)
[0820/125144.000:ERROR:process_memory_win.cc(73)] ReadMemory at 0x24c79b50c40 of 512 bytes failed: Only part of a ReadProcessMemory or WriteProcessMemory request was completed. (0x12B)
[0820/125144.000:ERROR:process_memory_win.cc(73)] ReadMemory at 0x24c7a0241a0 of 512 bytes failed: Only part of a ReadProcessMemory or WriteProcessMemory request was completed. (0x12B)
[0820/125144.000:ERROR:process_memory_win.cc(73)] ReadMemory at 0x24c7a0268a0 of 992 bytes failed: Only part of a ReadProcessMemory or WriteProcessMemory request was completed. (0x12B)
[0820/125144.000:ERROR:process_memory_win.cc(73)] ReadMemory at 0x24c7a0388e0 of 512 bytes failed: Only part of a ReadProcessMemory or WriteProcessMemory request was completed. (0x12B)
[0820/125144.000:ERROR:process_memory_win.cc(73)] ReadMemory at 0x24c7a0627f0 of 512 bytes failed: Only part of a ReadProcessMemory or WriteProcessMemory request was completed. (0x12B)
[0820/125144.000:ERROR:process_memory_win.cc(73)] ReadMemory at 0x24c7a06af30 of 712 bytes failed: Only part of a ReadProcessMemory or WriteProcessMemory request was completed. (0x12B)
[0820/125144.000:ERROR:process_memory_win.cc(73)] ReadMemory at 0x24c7a07fc90 of 1000 bytes failed: Only part of a ReadProcessMemory or WriteProcessMemory request was completed. (0x12B)
[0820/125144.000:ERROR:process_memory_win.cc(73)] ReadMemory at 0x24c7a080268 of 1232 bytes failed: Only part of a ReadProcessMemory or WriteProcessMemory request was completed. (0x12B)
[0820/125144.000:ERROR:process_memory_win.cc(73)] ReadMemory at 0x24c7a0a8608 of 512 bytes failed: Only part of a ReadProcessMemory or WriteProcessMemory request was completed. (0x12B)
[0820/125144.000:ERROR:process_memory_win.cc(73)] ReadMemory at 0x24c7a0ab470 of 512 bytes failed: Only part of a ReadProcessMemory or WriteProcessMemory request was completed. (0x12B)
[0820/125144.000:ERROR:process_memory_win.cc(73)] ReadMemory at 0x24c7bd90000 of 384 bytes failed: Only part of a ReadProcessMemory or WriteProcessMemory request was completed. (0x12B)
[0820/125144.000:ERROR:process_memory_win.cc(73)] ReadMemory at 0x24c7be2afb0 of 512 bytes failed: Only part of a ReadProcessMemory or WriteProcessMemory request was completed. (0x12B)
[0820/125144.000:ERROR:process_memory_win.cc(73)] ReadMemory at 0x24c7be37300 of 512 bytes failed: Only part of a ReadProcessMemory or WriteProcessMemory request was completed. (0x12B)
[0820/125144.000:ERROR:process_memory_win.cc(73)] ReadMemory at 0x24c7be4f8b0 of 608 bytes failed: Only part of a ReadProcessMemory or WriteProcessMemory request was completed. (0x12B)
[0820/125144.000:ERROR:process_memory_win.cc(73)] ReadMemory at 0x24c7bed6160 of 1472 bytes failed: Only part of a ReadProcessMemory or WriteProcessMemory request was completed. (0x12B)
[0820/125144.000:ERROR:process_memory_win.cc(73)] ReadMemory at 0x24c7bf69498 of 512 bytes failed: Only part of a ReadProcessMemory or WriteProcessMemory request was completed. (0x12B)
[0820/125144.000:ERROR:process_memory_win.cc(73)] ReadMemory at 0x24c7bf77af0 of 512 bytes failed: Only part of a ReadProcessMemory or WriteProcessMemory request was completed. (0x12B)
[0820/125144.000:ERROR:process_memory_win.cc(73)] ReadMemory at 0x29f2dd6805a0 of 512 bytes failed: Only part of a ReadProcessMemory or WriteProcessMemory request was completed. (0x12B)
[0820/125144.000:ERROR:process_memory_win.cc(73)] ReadMemory at 0x29f2dd688ea8 of 512 bytes failed: Only part of a ReadProcessMemory or WriteProcessMemory request was completed. (0x12B)
[0820/125144.000:ERROR:process_memory_win.cc(73)] ReadMemory at 0x29f2dd689150 of 512 bytes failed: Only part of a ReadProcessMemory or WriteProcessMemory request was completed. (0x12B)
[0820/125144.000:ERROR:process_memory_win.cc(73)] ReadMemory at 0x2bcd8c880109 of 512 bytes failed: Only part of a ReadProcessMemory or WriteProcessMemory request was completed. (0x12B)
[0820/125144.000:ERROR:process_memory_win.cc(73)] ReadMemory at 0x7ffaa3984a1c of 512 bytes failed: Only part of a ReadProcessMemory or WriteProcessMemory request was completed. (0x12B)
[0820/125144.000:ERROR:process_memory_win.cc(73)] ReadMemory at 0x7ffaa40afc38 of 559 bytes failed: Only part of a ReadProcessMemory or WriteProcessMemory request was completed. (0x12B)
[0820/125144.000:ERROR:process_memory_win.cc(73)] ReadMemory at 0x7ffb07c9b710 of 512 bytes failed: Only part of a ReadProcessMemory or WriteProcessMemory request was completed. (0x12B)
[0820/125144.000:ERROR:process_memory_win.cc(73)] ReadMemory at 0x7ffb09721f80 of 512 bytes failed: Only part of a ReadProcessMemory or WriteProcessMemory request was completed. (0x12B)
[0820/125144.000:ERROR:process_memory_win.cc(73)] ReadMemory at 0x7ffb0a23c064 of 672 bytes failed: Only part of a ReadProcessMemory or WriteProcessMemory request was completed. (0x12B)
[0820/125144.000:ERROR:process_memory_win.cc(73)] ReadMemory at 0x7ffb0a23c664 of 512 bytes failed: Only part of a ReadProcessMemory or WriteProcessMemory request was completed. (0x12B)
[0820/125144.000:ERROR:process_memory_win.cc(73)] ReadMemory at 0x7ffb0a23f914 of 608 bytes failed: Only part of a ReadProcessMemory or WriteProcessMemory request was completed. (0x12B)
[0820/125144.000:ERROR:process_memory_win.cc(73)] ReadMemory at 0x7ffb0a2cc418 of 18 bytes failed: Only part of a ReadProcessMemory or WriteProcessMemory request was completed. (0x12B)
[0820/125144.000:ERROR:process_memory_win.cc(73)] ReadMemory at 0x7ffb0a2ff4f8 of 40 bytes failed: Only part of a ReadProcessMemory or WriteProcessMemory request was completed. (0x12B)
[0820/125144.000:ERROR:process_memory_win.cc(73)] ReadMemory at 0x7ffb0a2ff978 of 48 bytes failed: Only part of a ReadProcessMemory or WriteProcessMemory request was completed. (0x12B)
[0820/125144.000:ERROR:process_memory_win.cc(73)] ReadMemory at 0x7ffb0a3053c0 of 64 bytes failed: Only part of a ReadProcessMemory or WriteProcessMemory request was completed. (0x12B)
[0820/125144.011:ERROR:scoped_process_suspend.cc(40)] NtResumeProcess: An attempt was made to access an exiting process. (0xc000010a)
